[0.015s] Invoking command in '/home/jaeho/project_ws/build/simple_dsr_move': /usr/bin/cmake /home/jaeho/project_ws/src/simple_dsr_node -DCATKIN_INSTALL_INTO_PREFIX_ROOT=0 -DCMAKE_INSTALL_PREFIX=/home/jaeho/project_ws/install/simple_dsr_move
[0.153s] -- The C compiler identification is GNU 11.4.0
[0.618s] -- The CXX compiler identification is GNU 11.4.0
[0.997s] -- Detecting C compiler ABI info
[1.141s] -- Detecting C compiler ABI info - done
[1.148s] -- Check for working C compiler: /usr/bin/cc - skipped
[1.148s] -- Detecting C compile features
[1.149s] -- Detecting C compile features - done
[1.151s] -- Detecting CXX compiler ABI info
[1.300s] -- Detecting CXX compiler ABI info - done
[1.305s] -- Check for working CXX compiler: /usr/bin/c++ - skipped
[1.306s] -- Detecting CXX compile features
[1.306s] -- Detecting CXX compile features - done
[1.308s] -- Found ament_cmake: 1.3.12 (/opt/ros/humble/share/ament_cmake/cmake)
[1.428s] -- Found Python3: /usr/bin/python3 (found version "3.10.12") found components: Interpreter 
[1.502s] -- Found rclcpp: 16.0.14 (/opt/ros/humble/share/rclcpp/cmake)
[1.684s] -- Found rosidl_generator_c: 3.1.7 (/opt/ros/humble/share/rosidl_generator_c/cmake)
[1.689s] -- Found rosidl_adapter: 3.1.7 (/opt/ros/humble/share/rosidl_adapter/cmake)
[1.695s] -- Found rosidl_generator_cpp: 3.1.7 (/opt/ros/humble/share/rosidl_generator_cpp/cmake)
[1.705s] -- Using all available rosidl_typesupport_c: rosidl_typesupport_fastrtps_c;rosidl_typesupport_introspection_c
[1.718s] -- Using all available rosidl_typesupport_cpp: rosidl_typesupport_fastrtps_cpp;rosidl_typesupport_introspection_cpp
[1.797s] -- Found rmw_implementation_cmake: 6.1.2 (/opt/ros/humble/share/rmw_implementation_cmake/cmake)
[1.799s] -- Found rmw_fastrtps_cpp: 6.2.8 (/opt/ros/humble/share/rmw_fastrtps_cpp/cmake)
[2.959s] -- Found OpenSSL: /usr/lib/x86_64-linux-gnu/libcrypto.so (found version "3.0.2")  
[4.248s] -- Found FastRTPS: /opt/ros/humble/include  
[6.470s] -- Using RMW implementation 'rmw_fastrtps_cpp' as default
[6.477s] -- Looking for pthread.h
[6.627s] -- Looking for pthread.h - found
[6.627s] -- Performing Test CMAKE_HAVE_LIBC_PTHREAD
[6.766s] -- Performing Test CMAKE_HAVE_LIBC_PTHREAD - Success
[6.767s] -- Found Threads: TRUE  
[6.864s] -- Configuring done
[6.877s] -- Generating done
[6.878s] [33mCMake Warning:
[6.878s]   Manually-specified variables were not used by the project:
[6.878s] 
[6.878s]     CATKIN_INSTALL_INTO_PREFIX_ROOT
[6.878s] 
[6.878s] [0m
[6.881s] -- Build files have been written to: /home/jaeho/project_ws/build/simple_dsr_move
[6.889s] Invoked command in '/home/jaeho/project_ws/build/simple_dsr_move' returned '0': /usr/bin/cmake /home/jaeho/project_ws/src/simple_dsr_node -DCATKIN_INSTALL_INTO_PREFIX_ROOT=0 -DCMAKE_INSTALL_PREFIX=/home/jaeho/project_ws/install/simple_dsr_move
[6.891s] Invoking command in '/home/jaeho/project_ws/build/simple_dsr_move': /usr/bin/cmake --build /home/jaeho/project_ws/build/simple_dsr_move -- -j8 -l8
[6.934s] [ 50%] [32mBuilding CXX object CMakeFiles/simple_move_node.dir/src/simple_move_node.cpp.o[0m
[9.070s] gmake[2]: *** [CMakeFiles/simple_move_node.dir/build.make:76: CMakeFiles/simple_move_node.dir/src/simple_move_node.cpp.o] Interrupt
[9.071s] gmake[1]: *** [CMakeFiles/Makefile2:137: CMakeFiles/simple_move_node.dir/all] Interrupt
[9.071s] gmake: *** [Makefile:146: all] Interrupt
[9.086s] Invoked command in '/home/jaeho/project_ws/build/simple_dsr_move' returned '-2': /usr/bin/cmake --build /home/jaeho/project_ws/build/simple_dsr_move -- -j8 -l8
