[0.026s] Invoking command in '/home/jaeho/project_ws/build/simple_dsr_move': CMAKE_PREFIX_PATH=/opt/ros/humble /usr/bin/cmake /home/jaeho/project_ws/src/simple_dsr_node -DCMAKE_INSTALL_PREFIX=/home/jaeho/project_ws/install/simple_dsr_move
[0.098s] -- Found ament_cmake: 1.3.12 (/opt/ros/humble/share/ament_cmake/cmake)
[0.343s] -- Configuring done
[0.352s] -- Generating done
[0.355s] -- Build files have been written to: /home/jaeho/project_ws/build/simple_dsr_move
[0.366s] Invoked command in '/home/jaeho/project_ws/build/simple_dsr_move' returned '0': CMAKE_PREFIX_PATH=/opt/ros/humble /usr/bin/cmake /home/jaeho/project_ws/src/simple_dsr_node -DCMAKE_INSTALL_PREFIX=/home/jaeho/project_ws/install/simple_dsr_move
[0.369s] Invoking command in '/home/jaeho/project_ws/build/simple_dsr_move': CMAKE_PREFIX_PATH=/opt/ros/humble /usr/bin/cmake --build /home/jaeho/project_ws/build/simple_dsr_move -- -j8 -l8
[0.406s] [35m[1mConsolidate compiler generated dependencies of target simple_move_node[0m
[0.422s] [ 50%] [32mBuilding CXX object CMakeFiles/simple_move_node.dir/src/simple_move_node.cpp.o[0m
[0.773s] [01m[K/home/jaeho/project_ws/src/simple_dsr_node/src/simple_move_node.cpp:[m[K In function â€˜[01m[Kint main(int, char**)[m[Kâ€™:
[0.773s] [01m[K/home/jaeho/project_ws/src/simple_dsr_node/src/simple_move_node.cpp:6:5:[m[K [01;31m[Kerror: [m[Kâ€˜[01m[KDRFL[m[Kâ€™ was not declared in this scope
[0.773s]     6 |     [01;31m[KDRFL[m[K robot;
[0.773s]       |     [01;31m[K^~~~[m[K
[0.775s] [01m[K/home/jaeho/project_ws/src/simple_dsr_node/src/simple_move_node.cpp:8:10:[m[K [01;31m[Kerror: [m[Kâ€˜[01m[Krobot[m[Kâ€™ was not declared in this scope
[0.775s]     8 |     if (![01;31m[Krobot[m[K.OpenConnection("192.168.137.100", 12345)) {
[0.775s]       |          [01;31m[K^~~~~[m[K
[0.778s] [01m[K/home/jaeho/project_ws/src/simple_dsr_node/src/simple_move_node.cpp:18:10:[m[K [01;31m[Kerror: [m[Kâ€˜[01m[Krobot[m[Kâ€™ was not declared in this scope
[0.778s]    18 |     if (![01;31m[Krobot[m[K.MoveJ(joint_target, vel, acc)) {
[0.778s]       |          [01;31m[K^~~~~[m[K
[0.780s] [01m[K/home/jaeho/project_ws/src/simple_dsr_node/src/simple_move_node.cpp:26:5:[m[K [01;31m[Kerror: [m[Kâ€˜[01m[Krobot[m[Kâ€™ was not declared in this scope
[0.780s]    26 |     [01;31m[Krobot[m[K.CloseConnection();
[0.780s]       |     [01;31m[K^~~~~[m[K
[0.814s] gmake[2]: *** [CMakeFiles/simple_move_node.dir/build.make:76: CMakeFiles/simple_move_node.dir/src/simple_move_node.cpp.o] Error 1
[0.815s] gmake[1]: *** [CMakeFiles/Makefile2:137: CMakeFiles/simple_move_node.dir/all] Error 2
[0.815s] gmake: *** [Makefile:146: all] Error 2
[0.818s] Invoked command in '/home/jaeho/project_ws/build/simple_dsr_move' returned '2': CMAKE_PREFIX_PATH=/opt/ros/humble /usr/bin/cmake --build /home/jaeho/project_ws/build/simple_dsr_move -- -j8 -l8
