[01m[K/home/jack/project_ws/src/sugar_water_experiment/src/sugar_water_experimenter_node.cpp:5:13:[m[K [01;31m[Kerror: [m[Kâ€˜[01m[Kjoint_msg[m[Kâ€™ does not name a type
    5 |             [01;31m[Kjoint_msg[m[K.position = {pose.x * M_PI / 180.0, pose.y * M_PI / 180.0,
      |             [01;31m[K^~~~~~~~~[m[K
[01m[K/home/jack/project_ws/src/sugar_water_experiment/src/sugar_water_experimenter_node.cpp:7:80:[m[K [01;35m[Kwarning: [m[Kextra â€˜[01m[K;[m[Kâ€™ [[01;35m[K]8;;https://gcc.gnu.org/onlinedocs/gcc/Warning-Options.html#index-Wpedantic-Wpedantic]8;;[m[K]
    7 |                                 pose.ry * M_PI / 180.0, pose.rz * M_PI / 180.0}[01;35m[K;[m[K
      |                                                                                [01;35m[K^[m[K
[01m[K/home/jack/project_ws/src/sugar_water_experiment/src/sugar_water_experimenter_node.cpp:9:13:[m[K [01;31m[Kerror: [m[Kâ€˜[01m[Kjoint_pub_[m[Kâ€™ does not name a type
    9 |             [01;31m[Kjoint_pub_[m[K->publish(joint_msg);
      |             [01;31m[K^~~~~~~~~~[m[K
[01m[K/home/jack/project_ws/src/sugar_water_experiment/src/sugar_water_experimenter_node.cpp:10:24:[m[K [01;31m[Kerror: [m[Kexpected constructor, destructor, or type conversion before â€˜[01m[K([m[Kâ€™ token
   10 |             RCLCPP_INFO[01;31m[K([m[Kthis->get_logger(), "Moving to joint position [%.1f, %.1f, %.1f, %.1f, %.1f, %.1f]",
      |                        [01;31m[K^[m[K
[01m[K/home/jack/project_ws/src/sugar_water_experiment/src/sugar_water_experimenter_node.cpp:12:9:[m[K [01;31m[Kerror: [m[Kexpected declaration before â€˜[01m[K}[m[Kâ€™ token
   12 |         [01;31m[K}[m[K else {
      |         [01;31m[K^[m[K
[01m[K/home/jack/project_ws/src/sugar_water_experiment/src/sugar_water_experimenter_node.cpp:12:11:[m[K [01;31m[Kerror: [m[Kexpected unqualified-id before â€˜[01m[Kelse[m[Kâ€™
   12 |         } [01;31m[Kelse[m[K {
      |           [01;31m[K^~~~[m[K
[01m[K/home/jack/project_ws/src/sugar_water_experiment/src/sugar_water_experimenter_node.cpp:33:5:[m[K [01;31m[Kerror: [m[Kexpected declaration before â€˜[01m[K}[m[Kâ€™ token
   33 |     [01;31m[K}[m[K
      |     [01;31m[K^[m[K
[01m[K/home/jack/project_ws/src/sugar_water_experiment/src/sugar_water_experimenter_node.cpp:[m[K In function â€˜[01m[Kvoid controlGripper(bool)[m[Kâ€™:
[01m[K/home/jack/project_ws/src/sugar_water_experiment/src/sugar_water_experimenter_node.cpp:36:9:[m[K [01;31m[Kerror: [m[Kâ€˜[01m[Kstd_msgs[m[Kâ€™ has not been declared
   36 |         [01;31m[Kstd_msgs[m[K::msg::Bool gripper_msg;
      |         [01;31m[K^~~~~~~~[m[K
[01m[K/home/jack/project_ws/src/sugar_water_experiment/src/sugar_water_experimenter_node.cpp:37:9:[m[K [01;31m[Kerror: [m[Kâ€˜[01m[Kgripper_msg[m[Kâ€™ was not declared in this scope
   37 |         [01;31m[Kgripper_msg[m[K.data = close;
      |         [01;31m[K^~~~~~~~~~~[m[K
[01m[K/home/jack/project_ws/src/sugar_water_experiment/src/sugar_water_experimenter_node.cpp:38:9:[m[K [01;31m[Kerror: [m[Kâ€˜[01m[Kgripper_pub_[m[Kâ€™ was not declared in this scope
   38 |         [01;31m[Kgripper_pub_[m[K->publish(gripper_msg);
      |         [01;31m[K^~~~~~~~~~~~[m[K
[01m[K/home/jack/project_ws/src/sugar_water_experiment/src/sugar_water_experimenter_node.cpp:40:21:[m[K [01;31m[Kerror: [m[Kinvalid use of â€˜[01m[Kthis[m[Kâ€™ in non-member function
   40 |         RCLCPP_INFO([01;31m[Kthis[m[K->get_logger(), "Gripper command: %s", close ? "CLOSE" : "OPEN");
      |                     [01;31m[K^~~~[m[K
[01m[K/home/jack/project_ws/src/sugar_water_experiment/src/sugar_water_experimenter_node.cpp:40:9:[m[K [01;31m[Kerror: [m[Kâ€˜[01m[KRCLCPP_INFO[m[Kâ€™ was not declared in this scope
   40 |         [01;31m[KRCLCPP_INFO[m[K(this->get_logger(), "Gripper command: %s", close ? "CLOSE" : "OPEN");
      |         [01;31m[K^~~~~~~~~~~[m[K
[01m[K/home/jack/project_ws/src/sugar_water_experiment/src/sugar_water_experimenter_node.cpp:[m[K In function â€˜[01m[Kvoid simulateSugarAddition()[m[Kâ€™:
[01m[K/home/jack/project_ws/src/sugar_water_experiment/src/sugar_water_experimenter_node.cpp:45:9:[m[K [01;31m[Kerror: [m[Kâ€˜[01m[Kcurrent_weight_[m[Kâ€™ was not declared in this scope
   45 |         [01;31m[Kcurrent_weight_[m[K += 5.0; // 5g ì„¤íƒ• ì¶”ê°€
      |         [01;31m[K^~~~~~~~~~~~~~~[m[K
[01m[K/home/jack/project_ws/src/sugar_water_experiment/src/sugar_water_experimenter_node.cpp:46:21:[m[K [01;31m[Kerror: [m[Kinvalid use of â€˜[01m[Kthis[m[Kâ€™ in non-member function
   46 |         RCLCPP_INFO([01;31m[Kthis[m[K->get_logger(), "Sugar added. Current weight: %.2fg", current_weight_);
      |                     [01;31m[K^~~~[m[K
[01m[K/home/jack/project_ws/src/sugar_water_experiment/src/sugar_water_experimenter_node.cpp:46:9:[m[K [01;31m[Kerror: [m[Kâ€˜[01m[KRCLCPP_INFO[m[Kâ€™ was not declared in this scope
   46 |         [01;31m[KRCLCPP_INFO[m[K(this->get_logger(), "Sugar added. Current weight: %.2fg", current_weight_);
      |         [01;31m[K^~~~~~~~~~~[m[K
[01m[K/home/jack/project_ws/src/sugar_water_experiment/src/sugar_water_experimenter_node.cpp:[m[K In function â€˜[01m[Kvoid simulateWaterPouring()[m[Kâ€™:
[01m[K/home/jack/project_ws/src/sugar_water_experiment/src/sugar_water_experimenter_node.cpp:51:9:[m[K [01;31m[Kerror: [m[Kâ€˜[01m[Kcurrent_weight_[m[Kâ€™ was not declared in this scope
   51 |         [01;31m[Kcurrent_weight_[m[K += 0.5; // 0.5gì”© ë¬¼ ì¶”ê°€
      |         [01;31m[K^~~~~~~~~~~~~~~[m[K
[01m[K/home/jack/project_ws/src/sugar_water_experiment/src/sugar_water_experimenter_node.cpp:52:22:[m[K [01;31m[Kerror: [m[Kinvalid use of â€˜[01m[Kthis[m[Kâ€™ in non-member function
   52 |         RCLCPP_DEBUG([01;31m[Kthis[m[K->get_logger(), "Water pouring... Current weight: %.2fg", current_weight_);
      |                      [01;31m[K^~~~[m[K
[01m[K/home/jack/project_ws/src/sugar_water_experiment/src/sugar_water_experimenter_node.cpp:52:9:[m[K [01;31m[Kerror: [m[Kâ€˜[01m[KRCLCPP_DEBUG[m[Kâ€™ was not declared in this scope
   52 |         [01;31m[KRCLCPP_DEBUG[m[K(this->get_logger(), "Water pouring... Current weight: %.2fg", current_weight_);
      |         [01;31m[K^~~~~~~~~~~~[m[K
[01m[K/home/jack/project_ws/src/sugar_water_experiment/src/sugar_water_experimenter_node.cpp:[m[K In function â€˜[01m[Kfloat calculateConcentration()[m[Kâ€™:
[01m[K/home/jack/project_ws/src/sugar_water_experiment/src/sugar_water_experimenter_node.cpp:56:13:[m[K [01;31m[Kerror: [m[Kâ€˜[01m[Kcurrent_weight_[m[Kâ€™ was not declared in this scope
   56 |         if ([01;31m[Kcurrent_weight_[m[K <= 0) return 0.0;
      |             [01;31m[K^~~~~~~~~~~~~~~[m[K
[01m[K/home/jack/project_ws/src/sugar_water_experiment/src/sugar_water_experimenter_node.cpp:59:31:[m[K [01;31m[Kerror: [m[Kâ€˜[01m[Kcurrent_weight_[m[Kâ€™ was not declared in this scope
   59 |         return sugar_weight / [01;31m[Kcurrent_weight_[m[K;
      |                               [01;31m[K^~~~~~~~~~~~~~~[m[K
[01m[K/home/jack/project_ws/src/sugar_water_experiment/src/sugar_water_experimenter_node.cpp:[m[K In function â€˜[01m[Kvoid publishConcentration(float)[m[Kâ€™:
[01m[K/home/jack/project_ws/src/sugar_water_experiment/src/sugar_water_experimenter_node.cpp:63:9:[m[K [01;31m[Kerror: [m[Kâ€˜[01m[Kstd_msgs[m[Kâ€™ has not been declared
   63 |         [01;31m[Kstd_msgs[m[K::msg::Float32 conc_msg;
      |         [01;31m[K^~~~~~~~[m[K
[01m[K/home/jack/project_ws/src/sugar_water_experiment/src/sugar_water_experimenter_node.cpp:64:9:[m[K [01;31m[Kerror: [m[Kâ€˜[01m[Kconc_msg[m[Kâ€™ was not declared in this scope
   64 |         [01;31m[Kconc_msg[m[K.data = concentration;
      |         [01;31m[K^~~~~~~~[m[K
[01m[K/home/jack/project_ws/src/sugar_water_experiment/src/sugar_water_experimenter_node.cpp:65:9:[m[K [01;31m[Kerror: [m[Kâ€˜[01m[Kconcentration_pub_[m[Kâ€™ was not declared in this scope; did you mean â€˜[01m[Kconcentration[m[Kâ€™?
   65 |         [01;31m[Kconcentration_pub_[m[K->publish(conc_msg);
      |         [01;31m[K^~~~~~~~~~~~~~~~~~[m[K
      |         [32m[Kconcentration[m[K
[01m[K/home/jack/project_ws/src/sugar_water_experiment/src/sugar_water_experimenter_node.cpp:[m[K At global scope:
[01m[K/home/jack/project_ws/src/sugar_water_experiment/src/sugar_water_experimenter_node.cpp:68:35:[m[K [01;31m[Kerror: [m[Kâ€˜[01m[Kstring[m[Kâ€™ in namespace â€˜[01m[Kstd[m[Kâ€™ does not name a type
   68 |     void publishStatus(const std::[01;31m[Kstring[m[K& status) {
      |                                   [01;31m[K^~~~~~[m[K
[01m[K/home/jack/project_ws/src/sugar_water_experiment/src/sugar_water_experimenter_node.cpp:1:1:[m[K [01;36m[Knote: [m[Kâ€˜[01m[Kstd::string[m[Kâ€™ is defined in header â€˜[01m[K<string>[m[Kâ€™; did you forget to â€˜[01m[K#include <string>[m[Kâ€™?
  +++ |+[32m[K#include <string>[m[K
    1 | /**
[01m[K/home/jack/project_ws/src/sugar_water_experiment/src/sugar_water_experimenter_node.cpp:[m[K In function â€˜[01m[Kvoid publishStatus(const int&)[m[Kâ€™:
[01m[K/home/jack/project_ws/src/sugar_water_experiment/src/sugar_water_experimenter_node.cpp:69:9:[m[K [01;31m[Kerror: [m[Kâ€˜[01m[Kstd_msgs[m[Kâ€™ has not been declared
   69 |         [01;31m[Kstd_msgs[m[K::msg::String status_msg;
      |         [01;31m[K^~~~~~~~[m[K
[01m[K/home/jack/project_ws/src/sugar_water_experiment/src/sugar_water_experimenter_node.cpp:70:9:[m[K [01;31m[Kerror: [m[Kâ€˜[01m[Kstatus_msg[m[Kâ€™ was not declared in this scope; did you mean â€˜[01m[Kstatus[m[Kâ€™?
   70 |         [01;31m[Kstatus_msg[m[K.data = status;
      |         [01;31m[K^~~~~~~~~~[m[K
      |         [32m[Kstatus[m[K
[01m[K/home/jack/project_ws/src/sugar_water_experiment/src/sugar_water_experimenter_node.cpp:71:9:[m[K [01;31m[Kerror: [m[Kâ€˜[01m[Kstatus_pub_[m[Kâ€™ was not declared in this scope
   71 |         [01;31m[Kstatus_pub_[m[K->publish(status_msg);
      |         [01;31m[K^~~~~~~~~~~[m[K
[01m[K/home/jack/project_ws/src/sugar_water_experiment/src/sugar_water_experimenter_node.cpp:[m[K At global scope:
[01m[K/home/jack/project_ws/src/sugar_water_experiment/src/sugar_water_experimenter_node.cpp:74:10:[m[K [01;31m[Kerror: [m[Kvariable or field â€˜[01m[KtransitionToState[m[Kâ€™ declared void
   74 |     void [01;31m[KtransitionToState[m[K(ExperimentState new_state) {
      |          [01;31m[K^~~~~~~~~~~~~~~~~[m[K
[01m[K/home/jack/project_ws/src/sugar_water_experiment/src/sugar_water_experimenter_node.cpp:74:28:[m[K [01;31m[Kerror: [m[Kâ€˜[01m[KExperimentState[m[Kâ€™ was not declared in this scope
   74 |     void transitionToState([01;31m[KExperimentState[m[K new_state) {
      |                            [01;31m[K^~~~~~~~~~~~~~~[m[K
[01m[K/home/jack/project_ws/src/sugar_water_experiment/src/sugar_water_experimenter_node.cpp:[m[K In function â€˜[01m[Kvoid advanceToNextPose()[m[Kâ€™:
[01m[K/home/jack/project_ws/src/sugar_water_experiment/src/sugar_water_experimenter_node.cpp:80:13:[m[K [01;31m[Kerror: [m[Kâ€˜[01m[Kcurrent_pose_index_[m[Kâ€™ was not declared in this scope
   80 |         if ([01;31m[Kcurrent_pose_index_[m[K < experiment_poses_.size() - 1) {
      |             [01;31m[K^~~~~~~~~~~~~~~~~~~[m[K
[01m[K/home/jack/project_ws/src/sugar_water_experiment/src/sugar_water_experimenter_node.cpp:80:35:[m[K [01;31m[Kerror: [m[Kâ€˜[01m[Kexperiment_poses_[m[Kâ€™ was not declared in this scope
   80 |         if (current_pose_index_ < [01;31m[Kexperiment_poses_[m[K.size() - 1) {
      |                                   [01;31m[K^~~~~~~~~~~~~~~~~[m[K
[01m[K/home/jack/project_ws/src/sugar_water_experiment/src/sugar_water_experimenter_node.cpp:[m[K At global scope:
[01m[K/home/jack/project_ws/src/sugar_water_experiment/src/sugar_water_experimenter_node.cpp:85:36:[m[K [01;31m[Kerror: [m[Kâ€˜[01m[KExperimentResult[m[Kâ€™ does not name a type
   85 |     void logExperimentResult(const [01;31m[KExperimentResult[m[K& result) {
      |                                    [01;31m[K^~~~~~~~~~~~~~~~[m[K
[01m[K/home/jack/project_ws/src/sugar_water_experiment/src/sugar_water_experimenter_node.cpp:[m[K In function â€˜[01m[Kvoid logExperimentResult(const int&)[m[Kâ€™:
[01m[K/home/jack/project_ws/src/sugar_water_experiment/src/sugar_water_experimenter_node.cpp:86:14:[m[K [01;31m[Kerror: [m[Kâ€˜[01m[Kofstream[m[Kâ€™ is not a member of â€˜[01m[Kstd[m[Kâ€™
   86 |         std::[01;31m[Kofstream[m[K log_file("experiment_results.csv", std::ios::app);
      |              [01;31m[K^~~~~~~~[m[K
[01m[K/home/jack/project_ws/src/sugar_water_experiment/src/sugar_water_experimenter_node.cpp:1:1:[m[K [01;36m[Knote: [m[Kâ€˜[01m[Kstd::ofstream[m[Kâ€™ is defined in header â€˜[01m[K<fstream>[m[Kâ€™; did you forget to â€˜[01m[K#include <fstream>[m[Kâ€™?
  +++ |+[32m[K#include <fstream>[m[K
    1 | /**
[01m[K/home/jack/project_ws/src/sugar_water_experiment/src/sugar_water_experimenter_node.cpp:89:13:[m[K [01;31m[Kerror: [m[Kâ€˜[01m[Klog_file[m[Kâ€™ was not declared in this scope
   89 |         if ([01;31m[Klog_file[m[K.tellp() == 0) {
      |             [01;31m[K^~~~~~~~[m[K
[01m[K/home/jack/project_ws/src/sugar_water_experiment/src/sugar_water_experimenter_node.cpp:94:25:[m[K [01;31m[Kerror: [m[Kâ€˜[01m[Ktime[m[Kâ€™ is not a member of â€˜[01m[Kstd[m[Kâ€™
   94 |         auto now = std::[01;31m[Ktime[m[K(nullptr);
      |                         [01;31m[K^~~~[m[K
[01m[K/home/jack/project_ws/src/sugar_water_experiment/src/sugar_water_experimenter_node.cpp:95:25:[m[K [01;31m[Kerror: [m[Kâ€˜[01m[Klocaltime[m[Kâ€™ is not a member of â€˜[01m[Kstd[m[Kâ€™
   95 |         auto tm = *std::[01;31m[Klocaltime[m[K(&now);
      |                         [01;31m[K^~~~~~~~~[m[K
[01m[K/home/jack/project_ws/src/sugar_water_experiment/src/sugar_water_experimenter_node.cpp:97:9:[m[K [01;31m[Kerror: [m[Kâ€˜[01m[Klog_file[m[Kâ€™ was not declared in this scope
   97 |         [01;31m[Klog_file[m[K << std::put_time(&tm, "%Y-%m-%d %H:%M:%S") << ","
      |         [01;31m[K^~~~~~~~[m[K
[01m[K/home/jack/project_ws/src/sugar_water_experiment/src/sugar_water_experimenter_node.cpp:97:26:[m[K [01;31m[Kerror: [m[Kâ€˜[01m[Kput_time[m[Kâ€™ is not a member of â€˜[01m[Kstd[m[Kâ€™
   97 |         log_file << std::[01;31m[Kput_time[m[K(&tm, "%Y-%m-%d %H:%M:%S") << ","
      |                          [01;31m[K^~~~~~~~[m[K
[01m[K/home/jack/project_ws/src/sugar_water_experiment/src/sugar_water_experimenter_node.cpp:98:26:[m[K [01;31m[Kerror: [m[Kâ€˜[01m[Kfixed[m[Kâ€™ is not a member of â€˜[01m[Kstd[m[Kâ€™
   98 |                  << std::[01;31m[Kfixed[m[K << std::setprecision(4)
      |                          [01;31m[K^~~~~[m[K
[01m[K/home/jack/project_ws/src/sugar_water_experiment/src/sugar_water_experimenter_node.cpp:98:40:[m[K [01;31m[Kerror: [m[Kâ€˜[01m[Ksetprecision[m[Kâ€™ is not a member of â€˜[01m[Kstd[m[Kâ€™
   98 |                  << std::fixed << std::[01;31m[Ksetprecision[m[K(4)
      |                                        [01;31m[K^~~~~~~~~~~~[m[K
[01m[K/home/jack/project_ws/src/sugar_water_experiment/src/sugar_water_experimenter_node.cpp:99:28:[m[K [01;31m[Kerror: [m[Krequest for member â€˜[01m[Ktarget_concentration[m[Kâ€™ in â€˜[01m[Kresult[m[Kâ€™, which is of non-class type â€˜[01m[Kconst int[m[Kâ€™
   99 |                  << result.[01;31m[Ktarget_concentration[m[K << ","
      |                            [01;31m[K^~~~~~~~~~~~~~~~~~~~[m[K
[01m[K/home/jack/project_ws/src/sugar_water_experiment/src/sugar_water_experimenter_node.cpp:100:28:[m[K [01;31m[Kerror: [m[Krequest for member â€˜[01m[Kmeasured_concentration[m[Kâ€™ in â€˜[01m[Kresult[m[Kâ€™, which is of non-class type â€˜[01m[Kconst int[m[Kâ€™
  100 |                  << result.[01;31m[Kmeasured_concentration[m[K << ","
      |                            [01;31m[K^~~~~~~~~~~~~~~~~~~~~~[m[K
[01m[K/home/jack/project_ws/src/sugar_water_experiment/src/sugar_water_experimenter_node.cpp:101:28:[m[K [01;31m[Kerror: [m[Krequest for member â€˜[01m[Kaccuracy_percentage[m[Kâ€™ in â€˜[01m[Kresult[m[Kâ€™, which is of non-class type â€˜[01m[Kconst int[m[Kâ€™
  101 |                  << result.[01;31m[Kaccuracy_percentage[m[K << ","
      |                            [01;31m[K^~~~~~~~~~~~~~~~~~~[m[K
[01m[K/home/jack/project_ws/src/sugar_water_experiment/src/sugar_water_experimenter_node.cpp:102:28:[m[K [01;31m[Kerror: [m[Krequest for member â€˜[01m[Ktotal_time_seconds[m[Kâ€™ in â€˜[01m[Kresult[m[Kâ€™, which is of non-class type â€˜[01m[Kconst int[m[Kâ€™
  102 |                  << result.[01;31m[Ktotal_time_seconds[m[K << ","
      |                            [01;31m[K^~~~~~~~~~~~~~~~~~[m[K
[01m[K/home/jack/project_ws/src/sugar_water_experiment/src/sugar_water_experimenter_node.cpp:103:29:[m[K [01;31m[Kerror: [m[Krequest for member â€˜[01m[Ksuccess[m[Kâ€™ in â€˜[01m[Kresult[m[Kâ€™, which is of non-class type â€˜[01m[Kconst int[m[Kâ€™
  103 |                  << (result.[01;31m[Ksuccess[m[K ? "SUCCESS" : "FAILED") << ","
      |                             [01;31m[K^~~~~~~[m[K
[01m[K/home/jack/project_ws/src/sugar_water_experiment/src/sugar_water_experimenter_node.cpp:104:28:[m[K [01;31m[Kerror: [m[Krequest for member â€˜[01m[Kerror_message[m[Kâ€™ in â€˜[01m[Kresult[m[Kâ€™, which is of non-class type â€˜[01m[Kconst int[m[Kâ€™
  104 |                  << result.[01;31m[Kerror_message[m[K << std::endl;
      |                            [01;31m[K^~~~~~~~~~~~~[m[K
[01m[K/home/jack/project_ws/src/sugar_water_experiment/src/sugar_water_experimenter_node.cpp:104:50:[m[K [01;31m[Kerror: [m[Kâ€˜[01m[Kendl[m[Kâ€™ is not a member of â€˜[01m[Kstd[m[Kâ€™
  104 |                  << result.error_message << std::[01;31m[Kendl[m[K;
      |                                                  [01;31m[K^~~~[m[K
[01m[K/home/jack/project_ws/src/sugar_water_experiment/src/sugar_water_experimenter_node.cpp:1:1:[m[K [01;36m[Knote: [m[Kâ€˜[01m[Kstd::endl[m[Kâ€™ is defined in header â€˜[01m[K<ostream>[m[Kâ€™; did you forget to â€˜[01m[K#include <ostream>[m[Kâ€™?
  +++ |+[32m[K#include <ostream>[m[K
    1 | /**
[01m[K/home/jack/project_ws/src/sugar_water_experiment/src/sugar_water_experimenter_node.cpp:107:21:[m[K [01;31m[Kerror: [m[Kinvalid use of â€˜[01m[Kthis[m[Kâ€™ in non-member function
  107 |         RCLCPP_INFO([01;31m[Kthis[m[K->get_logger(), "Experiment result logged to experiment_results.csv");
      |                     [01;31m[K^~~~[m[K
[01m[K/home/jack/project_ws/src/sugar_water_experiment/src/sugar_water_experimenter_node.cpp:107:9:[m[K [01;31m[Kerror: [m[Kâ€˜[01m[KRCLCPP_INFO[m[Kâ€™ was not declared in this scope
  107 |         [01;31m[KRCLCPP_INFO[m[K(this->get_logger(), "Experiment result logged to experiment_results.csv");
      |         [01;31m[K^~~~~~~~~~~[m[K
[01m[K/home/jack/project_ws/src/sugar_water_experiment/src/sugar_water_experimenter_node.cpp:[m[K At global scope:
[01m[K/home/jack/project_ws/src/sugar_water_experiment/src/sugar_water_experimenter_node.cpp:111:31:[m[K [01;31m[Kerror: [m[Kâ€˜[01m[Kstd_msgs[m[Kâ€™ does not name a type
  111 |     void weightCallback(const [01;31m[Kstd_msgs[m[K::msg::Float32::SharedPtr msg) {
      |                               [01;31m[K^~~~~~~~[m[K
[01m[K/home/jack/project_ws/src/sugar_water_experiment/src/sugar_water_experimenter_node.cpp:111:44:[m[K [01;31m[Kerror: [m[Kexpected unqualified-id before â€˜[01m[K::[m[Kâ€™ token
  111 |     void weightCallback(const std_msgs::msg[01;31m[K::[m[KFloat32::SharedPtr msg) {
      |                                            [01;31m[K^~[m[K
[01m[K/home/jack/project_ws/src/sugar_water_experiment/src/sugar_water_experimenter_node.cpp:111:44:[m[K [01;31m[Kerror: [m[Kexpected â€˜[01m[K)[m[Kâ€™ before â€˜[01m[K::[m[Kâ€™ token
  111 |     void weightCallback[34m[K([m[Kconst std_msgs::msg[01;31m[K:[m[K[32m[K:[m[KFloat32::SharedPtr msg) {
      |                        [34m[K~[m[K                   [01;31m[K^[m[K[32m[K~[m[K
      |                                            [32m[K)[m[K
[01m[K/home/jack/project_ws/src/sugar_water_experiment/src/sugar_water_experimenter_node.cpp:111:44:[m[K [01;31m[Kerror: [m[Kexpected initializer before â€˜[01m[K::[m[Kâ€™ token
  111 |     void weightCallback(const std_msgs::msg[01;31m[K::[m[KFloat32::SharedPtr msg) {
      |                                            [01;31m[K^~[m[K
[01m[K/home/jack/project_ws/src/sugar_water_experiment/src/sugar_water_experimenter_node.cpp:116:36:[m[K [01;31m[Kerror: [m[Kâ€˜[01m[Kstd_msgs[m[Kâ€™ does not name a type
  116 |     void robotStatusCallback(const [01;31m[Kstd_msgs[m[K::msg::String::SharedPtr msg) {
      |                                    [01;31m[K^~~~~~~~[m[K
[01m[K/home/jack/project_ws/src/sugar_water_experiment/src/sugar_water_experimenter_node.cpp:116:49:[m[K [01;31m[Kerror: [m[Kexpected unqualified-id before â€˜[01m[K::[m[Kâ€™ token
  116 |     void robotStatusCallback(const std_msgs::msg[01;31m[K::[m[KString::SharedPtr msg) {
      |                                                 [01;31m[K^~[m[K
[01m[K/home/jack/project_ws/src/sugar_water_experiment/src/sugar_water_experimenter_node.cpp:116:49:[m[K [01;31m[Kerror: [m[Kexpected â€˜[01m[K)[m[Kâ€™ before â€˜[01m[K::[m[Kâ€™ token
  116 |     void robotStatusCallback[34m[K([m[Kconst std_msgs::msg[01;31m[K:[m[K[32m[K:[m[KString::SharedPtr msg) {
      |                             [34m[K~[m[K                   [01;31m[K^[m[K[32m[K~[m[K
      |                                                 [32m[K)[m[K
[01m[K/home/jack/project_ws/src/sugar_water_experiment/src/sugar_water_experimenter_node.cpp:116:49:[m[K [01;31m[Kerror: [m[Kexpected initializer before â€˜[01m[K::[m[Kâ€™ token
  116 |     void robotStatusCallback(const std_msgs::msg[01;31m[K::[m[KString::SharedPtr msg) {
      |                                                 [01;31m[K^~[m[K
[01m[K/home/jack/project_ws/src/sugar_water_experiment/src/sugar_water_experimenter_node.cpp:122:5:[m[K [01;31m[Kerror: [m[Kâ€˜[01m[Krclcpp[m[Kâ€™ does not name a type
  122 |     [01;31m[Krclcpp[m[K::Publisher<geometry_msgs::msg::PoseStamped>::SharedPtr pose_pub_;
      |     [01;31m[K^~~~~~[m[K
[01m[K/home/jack/project_ws/src/sugar_water_experiment/src/sugar_water_experimenter_node.cpp:123:5:[m[K [01;31m[Kerror: [m[Kâ€˜[01m[Krclcpp[m[Kâ€™ does not name a type
  123 |     [01;31m[Krclcpp[m[K::Publisher<sensor_msgs::msg::JointState>::SharedPtr joint_pub_;
      |     [01;31m[K^~~~~~[m[K
[01m[K/home/jack/project_ws/src/sugar_water_experiment/src/sugar_water_experimenter_node.cpp:124:5:[m[K [01;31m[Kerror: [m[Kâ€˜[01m[Krclcpp[m[Kâ€™ does not name a type
  124 |     [01;31m[Krclcpp[m[K::Publisher<std_msgs::msg::String>::SharedPtr status_pub_;
      |     [01;31m[K^~~~~~[m[K
[01m[K/home/jack/project_ws/src/sugar_water_experiment/src/sugar_water_experimenter_node.cpp:125:5:[m[K [01;31m[Kerror: [m[Kâ€˜[01m[Krclcpp[m[Kâ€™ does not name a type
  125 |     [01;31m[Krclcpp[m[K::Publisher<std_msgs::msg::Bool>::SharedPtr gripper_pub_;
      |     [01;31m[K^~~~~~[m[K
[01m[K/home/jack/project_ws/src/sugar_water_experiment/src/sugar_water_experimenter_node.cpp:126:5:[m[K [01;31m[Kerror: [m[Kâ€˜[01m[Krclcpp[m[Kâ€™ does not name a type
  126 |     [01;31m[Krclcpp[m[K::Publisher<std_msgs::msg::Float32>::SharedPtr concentration_pub_;
      |     [01;31m[K^~~~~~[m[K
[01m[K/home/jack/project_ws/src/sugar_water_experiment/src/sugar_water_experimenter_node.cpp:128:5:[m[K [01;31m[Kerror: [m[Kâ€˜[01m[Krclcpp[m[Kâ€™ does not name a type
  128 |     [01;31m[Krclcpp[m[K::Subscription<std_msgs::msg::Float32>::SharedPtr weight_sub_;
      |     [01;31m[K^~~~~~[m[K
[01m[K/home/jack/project_ws/src/sugar_water_experiment/src/sugar_water_experimenter_node.cpp:129:5:[m[K [01;31m[Kerror: [m[Kâ€˜[01m[Krclcpp[m[Kâ€™ does not name a type
  129 |     [01;31m[Krclcpp[m[K::Subscription<std_msgs::msg::String>::SharedPtr robot_status_sub_;
      |     [01;31m[K^~~~~~[m[K
[01m[K/home/jack/project_ws/src/sugar_water_experiment/src/sugar_water_experimenter_node.cpp:131:5:[m[K [01;31m[Kerror: [m[Kâ€˜[01m[Krclcpp[m[Kâ€™ does not name a type
  131 |     [01;31m[Krclcpp[m[K::TimerBase::SharedPtr control_timer_;
      |     [01;31m[K^~~~~~[m[K
[01m[K/home/jack/project_ws/src/sugar_water_experiment/src/sugar_water_experimenter_node.cpp:133:10:[m[K [01;31m[Kerror: [m[Kâ€˜[01m[Kvector[m[Kâ€™ in namespace â€˜[01m[Kstd[m[Kâ€™ does not name a template type
  133 |     std::[01;31m[Kvector[m[K<PoseData> experiment_poses_;
      |          [01;31m[K^~~~~~[m[K
[01m[K/home/jack/project_ws/src/sugar_water_experiment/src/sugar_water_experimenter_node.cpp:1:1:[m[K [01;36m[Knote: [m[Kâ€˜[01m[Kstd::vector[m[Kâ€™ is defined in header â€˜[01m[K<vector>[m[Kâ€™; did you forget to â€˜[01m[K#include <vector>[m[Kâ€™?
  +++ |+[32m[K#include <vector>[m[K
    1 | /**
[01m[K/home/jack/project_ws/src/sugar_water_experiment/src/sugar_water_experimenter_node.cpp:134:5:[m[K [01;31m[Kerror: [m[Kâ€˜[01m[Ksize_t[m[Kâ€™ does not name a type
  134 |     [01;31m[Ksize_t[m[K current_pose_index_;
      |     [01;31m[K^~~~~~[m[K
[01m[K/home/jack/project_ws/src/sugar_water_experiment/src/sugar_water_experimenter_node.cpp:1:1:[m[K [01;36m[Knote: [m[Kâ€˜[01m[Ksize_t[m[Kâ€™ is defined in header â€˜[01m[K<cstddef>[m[Kâ€™; did you forget to â€˜[01m[K#include <cstddef>[m[Kâ€™?
  +++ |+[32m[K#include <cstddef>[m[K
    1 | /**
[01m[K/home/jack/project_ws/src/sugar_water_experiment/src/sugar_water_experimenter_node.cpp:136:5:[m[K [01;31m[Kerror: [m[Kâ€˜[01m[KExperimentState[m[Kâ€™ does not name a type
  136 |     [01;31m[KExperimentState[m[K current_state_;
      |     [01;31m[K^~~~~~~~~~~~~~~[m[K
[01m[K/home/jack/project_ws/src/sugar_water_experiment/src/sugar_water_experimenter_node.cpp:139:10:[m[K [01;31m[Kerror: [m[Kâ€˜[01m[Kstring[m[Kâ€™ in namespace â€˜[01m[Kstd[m[Kâ€™ does not name a type
  139 |     std::[01;31m[Kstring[m[K robot_status_;
      |          [01;31m[K^~~~~~[m[K
[01m[K/home/jack/project_ws/src/sugar_water_experiment/src/sugar_water_experimenter_node.cpp:139:5:[m[K [01;36m[Knote: [m[Kâ€˜[01m[Kstd::string[m[Kâ€™ is defined in header â€˜[01m[K<string>[m[Kâ€™; did you forget to â€˜[01m[K#include <string>[m[Kâ€™?
  139 |     [01;36m[Kstd[m[K::string robot_status_;
      |     [01;36m[K^~~[m[K
[01m[K/home/jack/project_ws/src/sugar_water_experiment/src/sugar_water_experimenter_node.cpp:140:10:[m[K [01;31m[Kerror: [m[Kâ€˜[01m[Kchrono[m[Kâ€™ in namespace â€˜[01m[Kstd[m[Kâ€™ does not name a type
  140 |     std::[01;31m[Kchrono[m[K::steady_clock::time_point experiment_start_time_;
      |          [01;31m[K^~~~~~[m[K
[01m[K/home/jack/project_ws/src/sugar_water_experiment/src/sugar_water_experimenter_node.cpp:141:1:[m[K [01;31m[Kerror: [m[Kexpected declaration before â€˜[01m[K}[m[Kâ€™ token
  141 | [01;31m[K}[m[K;
      | [01;31m[K^[m[K
[01m[K/home/jack/project_ws/src/sugar_water_experiment/src/sugar_water_experimenter_node.cpp:[m[K In function â€˜[01m[Kint main(int, char**)[m[Kâ€™:
[01m[K/home/jack/project_ws/src/sugar_water_experiment/src/sugar_water_experimenter_node.cpp:144:5:[m[K [01;31m[Kerror: [m[Kâ€˜[01m[Krclcpp[m[Kâ€™ has not been declared
  144 |     [01;31m[Krclcpp[m[K::init(argc, argv);
      |     [01;31m[K^~~~~~[m[K
[01m[K/home/jack/project_ws/src/sugar_water_experiment/src/sugar_water_experimenter_node.cpp:146:17:[m[K [01;31m[Kerror: [m[Kâ€˜[01m[Krclcpp[m[Kâ€™ has not been declared
  146 |     RCLCPP_INFO([01;31m[Krclcpp[m[K::get_logger("main"), "ðŸ§ª Starting Sugar Water Experimenter Node");
      |                 [01;31m[K^~~~~~[m[K
[01m[K/home/jack/project_ws/src/sugar_water_experiment/src/sugar_water_experimenter_node.cpp:146:5:[m[K [01;31m[Kerror: [m[Kâ€˜[01m[KRCLCPP_INFO[m[Kâ€™ was not declared in this scope
  146 |     [01;31m[KRCLCPP_INFO[m[K(rclcpp::get_logger("main"), "ðŸ§ª Starting Sugar Water Experimenter Node");
      |     [01;31m[K^~~~~~~~~~~[m[K
[01m[K/home/jack/project_ws/src/sugar_water_experiment/src/sugar_water_experimenter_node.cpp:148:22:[m[K [01;31m[Kerror: [m[Kâ€˜[01m[Kmake_shared[m[Kâ€™ is not a member of â€˜[01m[Kstd[m[Kâ€™
  148 |     auto node = std::[01;31m[Kmake_shared[m[K<SugarWaterExperimenterNode>();
      |                      [01;31m[K^~~~~~~~~~~[m[K
[01m[K/home/jack/project_ws/src/sugar_water_experiment/src/sugar_water_experimenter_node.cpp:1:1:[m[K [01;36m[Knote: [m[Kâ€˜[01m[Kstd::make_shared[m[Kâ€™ is defined in header â€˜[01m[K<memory>[m[Kâ€™; did you forget to â€˜[01m[K#include <memory>[m[Kâ€™?
  +++ |+[32m[K#include <memory>[m[K
    1 | /**
[01m[K/home/jack/project_ws/src/sugar_water_experiment/src/sugar_water_experimenter_node.cpp:148:34:[m[K [01;31m[Kerror: [m[Kâ€˜[01m[KSugarWaterExperimenterNode[m[Kâ€™ was not declared in this scope
  148 |     auto node = std::make_shared<[01;31m[KSugarWaterExperimenterNode[m[K>();
      |                                  [01;31m[K^~~~~~~~~~~~~~~~~~~~~~~~~~[m[K
[01m[K/home/jack/project_ws/src/sugar_water_experiment/src/sugar_water_experimenter_node.cpp:148:62:[m[K [01;31m[Kerror: [m[Kexpected primary-expression before â€˜[01m[K)[m[Kâ€™ token
  148 |     auto node = std::make_shared<SugarWaterExperimenterNode>([01;31m[K)[m[K;
      |                                                              [01;31m[K^[m[K
[01m[K/home/jack/project_ws/src/sugar_water_experiment/src/sugar_water_experimenter_node.cpp:151:9:[m[K [01;31m[Kerror: [m[Kâ€˜[01m[Krclcpp[m[Kâ€™ has not been declared
  151 |         [01;31m[Krclcpp[m[K::spin(node);
      |         [01;31m[K^~~~~~[m[K
[01m[K/home/jack/project_ws/src/sugar_water_experiment/src/sugar_water_experimenter_node.cpp:152:34:[m[K [01;31m[Kerror: [m[Kexpected unqualified-id before â€˜[01m[K&[m[Kâ€™ token
  152 |     } catch (const std::exception[01;31m[K&[m[K e) {
      |                                  [01;31m[K^[m[K
[01m[K/home/jack/project_ws/src/sugar_water_experiment/src/sugar_water_experimenter_node.cpp:152:34:[m[K [01;31m[Kerror: [m[Kexpected â€˜[01m[K)[m[Kâ€™ before â€˜[01m[K&[m[Kâ€™ token
  152 |     } catch [34m[K([m[Kconst std::exception[01;31m[K&[m[K e) {
      |             [34m[K~[m[K                    [01;31m[K^[m[K
      |                                  [32m[K)[m[K
[01m[K/home/jack/project_ws/src/sugar_water_experiment/src/sugar_water_experimenter_node.cpp:152:34:[m[K [01;31m[Kerror: [m[Kexpected â€˜[01m[K{[m[Kâ€™ before â€˜[01m[K&[m[Kâ€™ token
[01m[K/home/jack/project_ws/src/sugar_water_experiment/src/sugar_water_experimenter_node.cpp:152:36:[m[K [01;31m[Kerror: [m[Kâ€˜[01m[Ke[m[Kâ€™ was not declared in this scope
  152 |     } catch (const std::exception& [01;31m[Ke[m[K) {
      |                                    [01;31m[K^[m[K
[01m[K/home/jack/project_ws/src/sugar_water_experiment/src/sugar_water_experimenter_node.cpp:156:5:[m[K [01;31m[Kerror: [m[Kâ€˜[01m[Krclcpp[m[Kâ€™ has not been declared
  156 |     [01;31m[Krclcpp[m[K::shutdown();
      |     [01;31m[K^~~~~~[m[K
gmake[2]: *** [CMakeFiles/sugar_water_experimenter_node.dir/build.make:76: CMakeFiles/sugar_water_experimenter_node.dir/src/sugar_water_experimenter_node.cpp.o] Error 1
gmake[2]: *** Waiting for unfinished jobs....
[01m[K/home/jack/project_ws/src/sugar_water_experiment/src/simple_sequence_controller.cpp:[m[K In member function â€˜[01m[Kvoid SimpleSequenceController::moveToJointPosition()[m[Kâ€™:
[01m[K/home/jack/project_ws/src/sugar_water_experiment/src/simple_sequence_controller.cpp:93:19:[m[K [01;31m[Kerror: [m[Kâ€˜[01m[Kusing JointState = struct sensor_msgs::msg::JointState_<std::allocator<void> >[m[Kâ€™ {aka â€˜[01m[Kstruct sensor_msgs::msg::JointState_<std::allocator<void> >[m[Kâ€™} has no member named â€˜[01m[Kn[m[Kâ€™
   93 |         joint_msg.[01;31m[Kn[m[K = {"joint1", "joint2", "joint3", "joint4", "joint5", "joint6"};
      |                   [01;31m[K^[m[K
gmake[2]: *** [CMakeFiles/simple_sequence_controller.dir/build.make:76: CMakeFiles/simple_sequence_controller.dir/src/simple_sequence_controller.cpp.o] Error 1
gmake[1]: *** [CMakeFiles/Makefile2:165: CMakeFiles/simple_sequence_controller.dir/all] Error 2
gmake[1]: *** Waiting for unfinished jobs....
gmake[1]: *** [CMakeFiles/Makefile2:139: CMakeFiles/sugar_water_experimenter_node.dir/all] Error 2
gmake: *** [Makefile:146: all] Error 2
