[0.010s] Invoking command in '/home/jack/project_ws/build/sugar_water_experiment': /usr/bin/cmake /home/jack/project_ws/src/sugar_water_experiment -DCMAKE_INSTALL_PREFIX=/home/jack/project_ws/install/sugar_water_experiment
[0.279s] -- The C compiler identification is GNU 10.5.0
[1.127s] -- The CXX compiler identification is GNU 10.5.0
[1.767s] -- Detecting C compiler ABI info
[1.979s] -- Detecting C compiler ABI info - done
[1.986s] -- Check for working C compiler: /usr/bin/cc - skipped
[1.987s] -- Detecting C compile features
[1.987s] -- Detecting C compile features - done
[1.990s] -- Detecting CXX compiler ABI info
[2.197s] -- Detecting CXX compiler ABI info - done
[2.201s] -- Check for working CXX compiler: /usr/bin/c++ - skipped
[2.201s] -- Detecting CXX compile features
[2.201s] -- Detecting CXX compile features - done
[2.208s] -- Found ament_cmake: 1.3.12 (/opt/ros/humble/share/ament_cmake/cmake)
[2.313s] -- Found Python3: /usr/bin/python3 (found version "3.10.12") found components: Interpreter 
[2.398s] -- Found rclcpp: 16.0.14 (/opt/ros/humble/share/rclcpp/cmake)
[2.647s] -- Found rosidl_generator_c: 3.1.7 (/opt/ros/humble/share/rosidl_generator_c/cmake)
[2.653s] -- Found rosidl_adapter: 3.1.7 (/opt/ros/humble/share/rosidl_adapter/cmake)
[2.663s] -- Found rosidl_generator_cpp: 3.1.7 (/opt/ros/humble/share/rosidl_generator_cpp/cmake)
[2.677s] -- Using all available rosidl_typesupport_c: rosidl_typesupport_fastrtps_c;rosidl_typesupport_introspection_c
[2.695s] -- Using all available rosidl_typesupport_cpp: rosidl_typesupport_fastrtps_cpp;rosidl_typesupport_introspection_cpp
[2.746s] -- Found rmw_implementation_cmake: 6.1.2 (/opt/ros/humble/share/rmw_implementation_cmake/cmake)
[2.750s] -- Found rmw_cyclonedds_cpp: 1.3.4 (/opt/ros/humble/share/rmw_cyclonedds_cpp/cmake)
[2.777s] -- Using RMW implementation 'rmw_cyclonedds_cpp' as default
[2.789s] -- Looking for pthread.h
[3.006s] -- Looking for pthread.h - found
[3.007s] -- Performing Test CMAKE_HAVE_LIBC_PTHREAD
[3.220s] -- Performing Test CMAKE_HAVE_LIBC_PTHREAD - Success
[3.221s] -- Found Threads: TRUE  
[3.293s] -- Found geometry_msgs: 4.9.0 (/opt/ros/humble/share/geometry_msgs/cmake)
[3.310s] -- Found sensor_msgs: 4.9.0 (/opt/ros/humble/share/sensor_msgs/cmake)
[3.330s] -- Found ament_lint_auto: 0.12.14 (/opt/ros/humble/share/ament_lint_auto/cmake)
[3.414s] -- Added test 'copyright' to check source files copyright and LICENSE
[3.415s] -- Added test 'cppcheck' to perform static code analysis on C / C++ code
[3.415s] -- Configured cppcheck include dirs: /home/jack/project_ws/src/sugar_water_experiment/include
[3.415s] -- Configured cppcheck exclude dirs and/or files: 
[3.417s] -- Added test 'cpplint' to check C / C++ code against the Google style
[3.417s] -- Configured cpplint exclude dirs and/or files: 
[3.418s] -- Added test 'flake8' to check Python code syntax and style conventions
[3.419s] -- Added test 'lint_cmake' to check CMake code style
[3.420s] -- Added test 'pep257' to check Python code against some of the docstring style conventions in PEP 257
[3.421s] -- Added test 'uncrustify' to check C / C++ code style
[3.421s] -- Configured uncrustify additional arguments: 
[3.422s] -- Added test 'xmllint' to check XML markup files
[3.424s] -- Configuring done
[3.442s] -- Generating done
[3.448s] -- Build files have been written to: /home/jack/project_ws/build/sugar_water_experiment
[3.455s] Invoked command in '/home/jack/project_ws/build/sugar_water_experiment' returned '0': /usr/bin/cmake /home/jack/project_ws/src/sugar_water_experiment -DCMAKE_INSTALL_PREFIX=/home/jack/project_ws/install/sugar_water_experiment
[3.457s] Invoking command in '/home/jack/project_ws/build/sugar_water_experiment': /usr/bin/cmake --build /home/jack/project_ws/build/sugar_water_experiment -- -j6 -l6
[3.493s] [ 14%] [32mBuilding CXX object CMakeFiles/sugar_water_experimenter_node.dir/src/sugar_water_experimenter_node.cpp.o[0m
[3.493s] [ 28%] [32mBuilding CXX object CMakeFiles/simple_sequence_controller.dir/src/simple_sequence_controller.cpp.o[0m
[3.495s] [ 42%] [32mBuilding CXX object CMakeFiles/sugar_water_experimenter_node.dir/src/weight_monitor.cpp.o[0m
[3.501s] [ 57%] [32mBuilding CXX object CMakeFiles/sugar_water_experimenter_node.dir/src/pose_controller.cpp.o[0m
[3.509s] [ 71%] [32mBuilding CXX object CMakeFiles/sugar_water_experimenter_node.dir/src/safety_monitor.cpp.o[0m
[3.514s] [01m[K/home/jack/project_ws/src/sugar_water_experiment/src/sugar_water_experimenter_node.cpp:5:13:[m[K [01;31m[Kerror: [m[Kâ€˜[01m[Kjoint_msg[m[Kâ€™ does not name a type
[3.514s]     5 |             [01;31m[Kjoint_msg[m[K.position = {pose.x * M_PI / 180.0, pose.y * M_PI / 180.0,
[3.514s]       |             [01;31m[K^~~~~~~~~[m[K
[3.515s] [01m[K/home/jack/project_ws/src/sugar_water_experiment/src/sugar_water_experimenter_node.cpp:7:80:[m[K [01;35m[Kwarning: [m[Kextra â€˜[01m[K;[m[Kâ€™ [[01;35m[K]8;;https://gcc.gnu.org/onlinedocs/gcc/Warning-Options.html#index-Wpedantic-Wpedantic]8;;[m[K]
[3.515s]     7 |                                 pose.ry * M_PI / 180.0, pose.rz * M_PI / 180.0}[01;35m[K;[m[K
[3.515s]       |                                                                                [01;35m[K^[m[K
[3.515s] [01m[K/home/jack/project_ws/src/sugar_water_experiment/src/sugar_water_experimenter_node.cpp:9:13:[m[K [01;31m[Kerror: [m[Kâ€˜[01m[Kjoint_pub_[m[Kâ€™ does not name a type
[3.515s]     9 |             [01;31m[Kjoint_pub_[m[K->publish(joint_msg);
[3.515s]       |             [01;31m[K^~~~~~~~~~[m[K
[3.515s] [01m[K/home/jack/project_ws/src/sugar_water_experiment/src/sugar_water_experimenter_node.cpp:10:24:[m[K [01;31m[Kerror: [m[Kexpected constructor, destructor, or type conversion before â€˜[01m[K([m[Kâ€™ token
[3.515s]    10 |             RCLCPP_INFO[01;31m[K([m[Kthis->get_logger(), "Moving to joint position [%.1f, %.1f, %.1f, %.1f, %.1f, %.1f]",
[3.515s]       |                        [01;31m[K^[m[K
[3.515s] [01m[K/home/jack/project_ws/src/sugar_water_experiment/src/sugar_water_experimenter_node.cpp:12:9:[m[K [01;31m[Kerror: [m[Kexpected declaration before â€˜[01m[K}[m[Kâ€™ token
[3.515s]    12 |         [01;31m[K}[m[K else {
[3.515s]       |         [01;31m[K^[m[K
[3.516s] [01m[K/home/jack/project_ws/src/sugar_water_experiment/src/sugar_water_experimenter_node.cpp:12:11:[m[K [01;31m[Kerror: [m[Kexpected unqualified-id before â€˜[01m[Kelse[m[Kâ€™
[3.516s]    12 |         } [01;31m[Kelse[m[K {
[3.516s]       |           [01;31m[K^~~~[m[K
[3.516s] [01m[K/home/jack/project_ws/src/sugar_water_experiment/src/sugar_water_experimenter_node.cpp:33:5:[m[K [01;31m[Kerror: [m[Kexpected declaration before â€˜[01m[K}[m[Kâ€™ token
[3.516s]    33 |     [01;31m[K}[m[K
[3.516s]       |     [01;31m[K^[m[K
[3.518s] [01m[K/home/jack/project_ws/src/sugar_water_experiment/src/sugar_water_experimenter_node.cpp:[m[K In function â€˜[01m[Kvoid controlGripper(bool)[m[Kâ€™:
[3.518s] [01m[K/home/jack/project_ws/src/sugar_water_experiment/src/sugar_water_experimenter_node.cpp:36:9:[m[K [01;31m[Kerror: [m[Kâ€˜[01m[Kstd_msgs[m[Kâ€™ has not been declared
[3.518s]    36 |         [01;31m[Kstd_msgs[m[K::msg::Bool gripper_msg;
[3.518s]       |         [01;31m[K^~~~~~~~[m[K
[3.520s] [01m[K/home/jack/project_ws/src/sugar_water_experiment/src/sugar_water_experimenter_node.cpp:37:9:[m[K [01;31m[Kerror: [m[Kâ€˜[01m[Kgripper_msg[m[Kâ€™ was not declared in this scope
[3.520s]    37 |         [01;31m[Kgripper_msg[m[K.data = close;
[3.520s]       |         [01;31m[K^~~~~~~~~~~[m[K
[3.521s] [01m[K/home/jack/project_ws/src/sugar_water_experiment/src/sugar_water_experimenter_node.cpp:38:9:[m[K [01;31m[Kerror: [m[Kâ€˜[01m[Kgripper_pub_[m[Kâ€™ was not declared in this scope
[3.521s]    38 |         [01;31m[Kgripper_pub_[m[K->publish(gripper_msg);
[3.521s]       |         [01;31m[K^~~~~~~~~~~~[m[K
[3.521s] [01m[K/home/jack/project_ws/src/sugar_water_experiment/src/sugar_water_experimenter_node.cpp:40:21:[m[K [01;31m[Kerror: [m[Kinvalid use of â€˜[01m[Kthis[m[Kâ€™ in non-member function
[3.521s]    40 |         RCLCPP_INFO([01;31m[Kthis[m[K->get_logger(), "Gripper command: %s", close ? "CLOSE" : "OPEN");
[3.521s]       |                     [01;31m[K^~~~[m[K
[3.523s] [01m[K/home/jack/project_ws/src/sugar_water_experiment/src/sugar_water_experimenter_node.cpp:40:9:[m[K [01;31m[Kerror: [m[Kâ€˜[01m[KRCLCPP_INFO[m[Kâ€™ was not declared in this scope
[3.523s]    40 |         [01;31m[KRCLCPP_INFO[m[K(this->get_logger(), "Gripper command: %s", close ? "CLOSE" : "OPEN");
[3.523s]       |         [01;31m[K^~~~~~~~~~~[m[K
[3.523s] [01m[K/home/jack/project_ws/src/sugar_water_experiment/src/sugar_water_experimenter_node.cpp:[m[K In function â€˜[01m[Kvoid simulateSugarAddition()[m[Kâ€™:
[3.523s] [01m[K/home/jack/project_ws/src/sugar_water_experiment/src/sugar_water_experimenter_node.cpp:45:9:[m[K [01;31m[Kerror: [m[Kâ€˜[01m[Kcurrent_weight_[m[Kâ€™ was not declared in this scope
[3.524s]    45 |         [01;31m[Kcurrent_weight_[m[K += 5.0; // 5g ì„¤íƒ• ì¶”ê°€
[3.524s]       |         [01;31m[K^~~~~~~~~~~~~~~[m[K
[3.524s] [01m[K/home/jack/project_ws/src/sugar_water_experiment/src/sugar_water_experimenter_node.cpp:46:21:[m[K [01;31m[Kerror: [m[Kinvalid use of â€˜[01m[Kthis[m[Kâ€™ in non-member function
[3.524s]    46 |         RCLCPP_INFO([01;31m[Kthis[m[K->get_logger(), "Sugar added. Current weight: %.2fg", current_weight_);
[3.524s]       |                     [01;31m[K^~~~[m[K
[3.524s] [01m[K/home/jack/project_ws/src/sugar_water_experiment/src/sugar_water_experimenter_node.cpp:46:9:[m[K [01;31m[Kerror: [m[Kâ€˜[01m[KRCLCPP_INFO[m[Kâ€™ was not declared in this scope
[3.524s]    46 |         [01;31m[KRCLCPP_INFO[m[K(this->get_logger(), "Sugar added. Current weight: %.2fg", current_weight_);
[3.524s]       |         [01;31m[K^~~~~~~~~~~[m[K
[3.524s] [01m[K/home/jack/project_ws/src/sugar_water_experiment/src/sugar_water_experimenter_node.cpp:[m[K In function â€˜[01m[Kvoid simulateWaterPouring()[m[Kâ€™:
[3.524s] [01m[K/home/jack/project_ws/src/sugar_water_experiment/src/sugar_water_experimenter_node.cpp:51:9:[m[K [01;31m[Kerror: [m[Kâ€˜[01m[Kcurrent_weight_[m[Kâ€™ was not declared in this scope
[3.524s]    51 |         [01;31m[Kcurrent_weight_[m[K += 0.5; // 0.5gì”© ë¬¼ ì¶”ê°€
[3.524s]       |         [01;31m[K^~~~~~~~~~~~~~~[m[K
[3.524s] [01m[K/home/jack/project_ws/src/sugar_water_experiment/src/sugar_water_experimenter_node.cpp:52:22:[m[K [01;31m[Kerror: [m[Kinvalid use of â€˜[01m[Kthis[m[Kâ€™ in non-member function
[3.524s]    52 |         RCLCPP_DEBUG([01;31m[Kthis[m[K->get_logger(), "Water pouring... Current weight: %.2fg", current_weight_);
[3.524s]       |                      [01;31m[K^~~~[m[K
[3.526s] [01m[K/home/jack/project_ws/src/sugar_water_experiment/src/sugar_water_experimenter_node.cpp:52:9:[m[K [01;31m[Kerror: [m[Kâ€˜[01m[KRCLCPP_DEBUG[m[Kâ€™ was not declared in this scope
[3.526s]    52 |         [01;31m[KRCLCPP_DEBUG[m[K(this->get_logger(), "Water pouring... Current weight: %.2fg", current_weight_);
[3.526s]       |         [01;31m[K^~~~~~~~~~~~[m[K
[3.526s] [01m[K/home/jack/project_ws/src/sugar_water_experiment/src/sugar_water_experimenter_node.cpp:[m[K In function â€˜[01m[Kfloat calculateConcentration()[m[Kâ€™:
[3.526s] [01m[K/home/jack/project_ws/src/sugar_water_experiment/src/sugar_water_experimenter_node.cpp:56:13:[m[K [01;31m[Kerror: [m[Kâ€˜[01m[Kcurrent_weight_[m[Kâ€™ was not declared in this scope
[3.526s]    56 |         if ([01;31m[Kcurrent_weight_[m[K <= 0) return 0.0;
[3.526s]       |             [01;31m[K^~~~~~~~~~~~~~~[m[K
[3.526s] [01m[K/home/jack/project_ws/src/sugar_water_experiment/src/sugar_water_experimenter_node.cpp:59:31:[m[K [01;31m[Kerror: [m[Kâ€˜[01m[Kcurrent_weight_[m[Kâ€™ was not declared in this scope
[3.526s]    59 |         return sugar_weight / [01;31m[Kcurrent_weight_[m[K;
[3.526s]       |                               [01;31m[K^~~~~~~~~~~~~~~[m[K
[3.526s] [01m[K/home/jack/project_ws/src/sugar_water_experiment/src/sugar_water_experimenter_node.cpp:[m[K In function â€˜[01m[Kvoid publishConcentration(float)[m[Kâ€™:
[3.526s] [01m[K/home/jack/project_ws/src/sugar_water_experiment/src/sugar_water_experimenter_node.cpp:63:9:[m[K [01;31m[Kerror: [m[Kâ€˜[01m[Kstd_msgs[m[Kâ€™ has not been declared
[3.526s]    63 |         [01;31m[Kstd_msgs[m[K::msg::Float32 conc_msg;
[3.526s]       |         [01;31m[K^~~~~~~~[m[K
[3.526s] [01m[K/home/jack/project_ws/src/sugar_water_experiment/src/sugar_water_experimenter_node.cpp:64:9:[m[K [01;31m[Kerror: [m[Kâ€˜[01m[Kconc_msg[m[Kâ€™ was not declared in this scope
[3.527s]    64 |         [01;31m[Kconc_msg[m[K.data = concentration;
[3.527s]       |         [01;31m[K^~~~~~~~[m[K
[3.527s] [01m[K/home/jack/project_ws/src/sugar_water_experiment/src/sugar_water_experimenter_node.cpp:65:9:[m[K [01;31m[Kerror: [m[Kâ€˜[01m[Kconcentration_pub_[m[Kâ€™ was not declared in this scope; did you mean â€˜[01m[Kconcentration[m[Kâ€™?
[3.527s]    65 |         [01;31m[Kconcentration_pub_[m[K->publish(conc_msg);
[3.527s]       |         [01;31m[K^~~~~~~~~~~~~~~~~~[m[K
[3.527s]       |         [32m[Kconcentration[m[K
[3.527s] [01m[K/home/jack/project_ws/src/sugar_water_experiment/src/sugar_water_experimenter_node.cpp:[m[K At global scope:
[3.527s] [01m[K/home/jack/project_ws/src/sugar_water_experiment/src/sugar_water_experimenter_node.cpp:68:35:[m[K [01;31m[Kerror: [m[Kâ€˜[01m[Kstring[m[Kâ€™ in namespace â€˜[01m[Kstd[m[Kâ€™ does not name a type
[3.527s]    68 |     void publishStatus(const std::[01;31m[Kstring[m[K& status) {
[3.527s]       |                                   [01;31m[K^~~~~~[m[K
[3.527s] [01m[K/home/jack/project_ws/src/sugar_water_experiment/src/sugar_water_experimenter_node.cpp:1:1:[m[K [01;36m[Knote: [m[Kâ€˜[01m[Kstd::string[m[Kâ€™ is defined in header â€˜[01m[K<string>[m[Kâ€™; did you forget to â€˜[01m[K#include <string>[m[Kâ€™?
[3.527s]   +++ |+[32m[K#include <string>[m[K
[3.527s]     1 | /**
[3.527s] [01m[K/home/jack/project_ws/src/sugar_water_experiment/src/sugar_water_experimenter_node.cpp:[m[K In function â€˜[01m[Kvoid publishStatus(const int&)[m[Kâ€™:
[3.527s] [01m[K/home/jack/project_ws/src/sugar_water_experiment/src/sugar_water_experimenter_node.cpp:69:9:[m[K [01;31m[Kerror: [m[Kâ€˜[01m[Kstd_msgs[m[Kâ€™ has not been declared
[3.527s]    69 |         [01;31m[Kstd_msgs[m[K::msg::String status_msg;
[3.527s]       |         [01;31m[K^~~~~~~~[m[K
[3.527s] [01m[K/home/jack/project_ws/src/sugar_water_experiment/src/sugar_water_experimenter_node.cpp:70:9:[m[K [01;31m[Kerror: [m[Kâ€˜[01m[Kstatus_msg[m[Kâ€™ was not declared in this scope; did you mean â€˜[01m[Kstatus[m[Kâ€™?
[3.527s]    70 |         [01;31m[Kstatus_msg[m[K.data = status;
[3.527s]       |         [01;31m[K^~~~~~~~~~[m[K
[3.527s]       |         [32m[Kstatus[m[K
[3.528s] [01m[K/home/jack/project_ws/src/sugar_water_experiment/src/sugar_water_experimenter_node.cpp:71:9:[m[K [01;31m[Kerror: [m[Kâ€˜[01m[Kstatus_pub_[m[Kâ€™ was not declared in this scope
[3.528s]    71 |         [01;31m[Kstatus_pub_[m[K->publish(status_msg);
[3.528s]       |         [01;31m[K^~~~~~~~~~~[m[K
[3.528s] [01m[K/home/jack/project_ws/src/sugar_water_experiment/src/sugar_water_experimenter_node.cpp:[m[K At global scope:
[3.528s] [01m[K/home/jack/project_ws/src/sugar_water_experiment/src/sugar_water_experimenter_node.cpp:74:10:[m[K [01;31m[Kerror: [m[Kvariable or field â€˜[01m[KtransitionToState[m[Kâ€™ declared void
[3.528s]    74 |     void [01;31m[KtransitionToState[m[K(ExperimentState new_state) {
[3.528s]       |          [01;31m[K^~~~~~~~~~~~~~~~~[m[K
[3.529s] [01m[K/home/jack/project_ws/src/sugar_water_experiment/src/sugar_water_experimenter_node.cpp:74:28:[m[K [01;31m[Kerror: [m[Kâ€˜[01m[KExperimentState[m[Kâ€™ was not declared in this scope
[3.529s]    74 |     void transitionToState([01;31m[KExperimentState[m[K new_state) {
[3.529s]       |                            [01;31m[K^~~~~~~~~~~~~~~[m[K
[3.529s] [01m[K/home/jack/project_ws/src/sugar_water_experiment/src/sugar_water_experimenter_node.cpp:[m[K In function â€˜[01m[Kvoid advanceToNextPose()[m[Kâ€™:
[3.529s] [01m[K/home/jack/project_ws/src/sugar_water_experiment/src/sugar_water_experimenter_node.cpp:80:13:[m[K [01;31m[Kerror: [m[Kâ€˜[01m[Kcurrent_pose_index_[m[Kâ€™ was not declared in this scope
[3.529s]    80 |         if ([01;31m[Kcurrent_pose_index_[m[K < experiment_poses_.size() - 1) {
[3.529s]       |             [01;31m[K^~~~~~~~~~~~~~~~~~~[m[K
[3.529s] [01m[K/home/jack/project_ws/src/sugar_water_experiment/src/sugar_water_experimenter_node.cpp:80:35:[m[K [01;31m[Kerror: [m[Kâ€˜[01m[Kexperiment_poses_[m[Kâ€™ was not declared in this scope
[3.529s]    80 |         if (current_pose_index_ < [01;31m[Kexperiment_poses_[m[K.size() - 1) {
[3.529s]       |                                   [01;31m[K^~~~~~~~~~~~~~~~~[m[K
[3.529s] [01m[K/home/jack/project_ws/src/sugar_water_experiment/src/sugar_water_experimenter_node.cpp:[m[K At global scope:
[3.529s] [01m[K/home/jack/project_ws/src/sugar_water_experiment/src/sugar_water_experimenter_node.cpp:85:36:[m[K [01;31m[Kerror: [m[Kâ€˜[01m[KExperimentResult[m[Kâ€™ does not name a type
[3.529s]    85 |     void logExperimentResult(const [01;31m[KExperimentResult[m[K& result) {
[3.530s]       |                                    [01;31m[K^~~~~~~~~~~~~~~~[m[K
[3.530s] [01m[K/home/jack/project_ws/src/sugar_water_experiment/src/sugar_water_experimenter_node.cpp:[m[K In function â€˜[01m[Kvoid logExperimentResult(const int&)[m[Kâ€™:
[3.530s] [01m[K/home/jack/project_ws/src/sugar_water_experiment/src/sugar_water_experimenter_node.cpp:86:14:[m[K [01;31m[Kerror: [m[Kâ€˜[01m[Kofstream[m[Kâ€™ is not a member of â€˜[01m[Kstd[m[Kâ€™
[3.530s]    86 |         std::[01;31m[Kofstream[m[K log_file("experiment_results.csv", std::ios::app);
[3.530s]       |              [01;31m[K^~~~~~~~[m[K
[3.530s] [01m[K/home/jack/project_ws/src/sugar_water_experiment/src/sugar_water_experimenter_node.cpp:1:1:[m[K [01;36m[Knote: [m[Kâ€˜[01m[Kstd::ofstream[m[Kâ€™ is defined in header â€˜[01m[K<fstream>[m[Kâ€™; did you forget to â€˜[01m[K#include <fstream>[m[Kâ€™?
[3.530s]   +++ |+[32m[K#include <fstream>[m[K
[3.530s]     1 | /**
[3.530s] [01m[K/home/jack/project_ws/src/sugar_water_experiment/src/sugar_water_experimenter_node.cpp:89:13:[m[K [01;31m[Kerror: [m[Kâ€˜[01m[Klog_file[m[Kâ€™ was not declared in this scope
[3.530s]    89 |         if ([01;31m[Klog_file[m[K.tellp() == 0) {
[3.530s]       |             [01;31m[K^~~~~~~~[m[K
[3.530s] [01m[K/home/jack/project_ws/src/sugar_water_experiment/src/sugar_water_experimenter_node.cpp:94:25:[m[K [01;31m[Kerror: [m[Kâ€˜[01m[Ktime[m[Kâ€™ is not a member of â€˜[01m[Kstd[m[Kâ€™
[3.530s]    94 |         auto now = std::[01;31m[Ktime[m[K(nullptr);
[3.530s]       |                         [01;31m[K^~~~[m[K
[3.530s] [01m[K/home/jack/project_ws/src/sugar_water_experiment/src/sugar_water_experimenter_node.cpp:95:25:[m[K [01;31m[Kerror: [m[Kâ€˜[01m[Klocaltime[m[Kâ€™ is not a member of â€˜[01m[Kstd[m[Kâ€™
[3.530s]    95 |         auto tm = *std::[01;31m[Klocaltime[m[K(&now);
[3.530s]       |                         [01;31m[K^~~~~~~~~[m[K
[3.530s] [01m[K/home/jack/project_ws/src/sugar_water_experiment/src/sugar_water_experimenter_node.cpp:97:9:[m[K [01;31m[Kerror: [m[Kâ€˜[01m[Klog_file[m[Kâ€™ was not declared in this scope
[3.531s]    97 |         [01;31m[Klog_file[m[K << std::put_time(&tm, "%Y-%m-%d %H:%M:%S") << ","
[3.531s]       |         [01;31m[K^~~~~~~~[m[K
[3.531s] [01m[K/home/jack/project_ws/src/sugar_water_experiment/src/sugar_water_experimenter_node.cpp:97:26:[m[K [01;31m[Kerror: [m[Kâ€˜[01m[Kput_time[m[Kâ€™ is not a member of â€˜[01m[Kstd[m[Kâ€™
[3.531s]    97 |         log_file << std::[01;31m[Kput_time[m[K(&tm, "%Y-%m-%d %H:%M:%S") << ","
[3.531s]       |                          [01;31m[K^~~~~~~~[m[K
[3.531s] [01m[K/home/jack/project_ws/src/sugar_water_experiment/src/sugar_water_experimenter_node.cpp:98:26:[m[K [01;31m[Kerror: [m[Kâ€˜[01m[Kfixed[m[Kâ€™ is not a member of â€˜[01m[Kstd[m[Kâ€™
[3.531s]    98 |                  << std::[01;31m[Kfixed[m[K << std::setprecision(4)
[3.531s]       |                          [01;31m[K^~~~~[m[K
[3.531s] [01m[K/home/jack/project_ws/src/sugar_water_experiment/src/sugar_water_experimenter_node.cpp:98:40:[m[K [01;31m[Kerror: [m[Kâ€˜[01m[Ksetprecision[m[Kâ€™ is not a member of â€˜[01m[Kstd[m[Kâ€™
[3.531s]    98 |                  << std::fixed << std::[01;31m[Ksetprecision[m[K(4)
[3.531s]       |                                        [01;31m[K^~~~~~~~~~~~[m[K
[3.531s] [01m[K/home/jack/project_ws/src/sugar_water_experiment/src/sugar_water_experimenter_node.cpp:99:28:[m[K [01;31m[Kerror: [m[Krequest for member â€˜[01m[Ktarget_concentration[m[Kâ€™ in â€˜[01m[Kresult[m[Kâ€™, which is of non-class type â€˜[01m[Kconst int[m[Kâ€™
[3.531s]    99 |                  << result.[01;31m[Ktarget_concentration[m[K << ","
[3.531s]       |                            [01;31m[K^~~~~~~~~~~~~~~~~~~~[m[K
[3.531s] [01m[K/home/jack/project_ws/src/sugar_water_experiment/src/sugar_water_experimenter_node.cpp:100:28:[m[K [01;31m[Kerror: [m[Krequest for member â€˜[01m[Kmeasured_concentration[m[Kâ€™ in â€˜[01m[Kresult[m[Kâ€™, which is of non-class type â€˜[01m[Kconst int[m[Kâ€™
[3.531s]   100 |                  << result.[01;31m[Kmeasured_concentration[m[K << ","
[3.532s]       |                            [01;31m[K^~~~~~~~~~~~~~~~~~~~~~[m[K
[3.532s] [01m[K/home/jack/project_ws/src/sugar_water_experiment/src/sugar_water_experimenter_node.cpp:101:28:[m[K [01;31m[Kerror: [m[Krequest for member â€˜[01m[Kaccuracy_percentage[m[Kâ€™ in â€˜[01m[Kresult[m[Kâ€™, which is of non-class type â€˜[01m[Kconst int[m[Kâ€™
[3.532s]   101 |                  << result.[01;31m[Kaccuracy_percentage[m[K << ","
[3.532s]       |                            [01;31m[K^~~~~~~~~~~~~~~~~~~[m[K
[3.532s] [01m[K/home/jack/project_ws/src/sugar_water_experiment/src/sugar_water_experimenter_node.cpp:102:28:[m[K [01;31m[Kerror: [m[Krequest for member â€˜[01m[Ktotal_time_seconds[m[Kâ€™ in â€˜[01m[Kresult[m[Kâ€™, which is of non-class type â€˜[01m[Kconst int[m[Kâ€™
[3.532s]   102 |                  << result.[01;31m[Ktotal_time_seconds[m[K << ","
[3.532s]       |                            [01;31m[K^~~~~~~~~~~~~~~~~~[m[K
[3.532s] [01m[K/home/jack/project_ws/src/sugar_water_experiment/src/sugar_water_experimenter_node.cpp:103:29:[m[K [01;31m[Kerror: [m[Krequest for member â€˜[01m[Ksuccess[m[Kâ€™ in â€˜[01m[Kresult[m[Kâ€™, which is of non-class type â€˜[01m[Kconst int[m[Kâ€™
[3.532s]   103 |                  << (result.[01;31m[Ksuccess[m[K ? "SUCCESS" : "FAILED") << ","
[3.532s]       |                             [01;31m[K^~~~~~~[m[K
[3.532s] [01m[K/home/jack/project_ws/src/sugar_water_experiment/src/sugar_water_experimenter_node.cpp:104:28:[m[K [01;31m[Kerror: [m[Krequest for member â€˜[01m[Kerror_message[m[Kâ€™ in â€˜[01m[Kresult[m[Kâ€™, which is of non-class type â€˜[01m[Kconst int[m[Kâ€™
[3.532s]   104 |                  << result.[01;31m[Kerror_message[m[K << std::endl;
[3.532s]       |                            [01;31m[K^~~~~~~~~~~~~[m[K
[3.532s] [01m[K/home/jack/project_ws/src/sugar_water_experiment/src/sugar_water_experimenter_node.cpp:104:50:[m[K [01;31m[Kerror: [m[Kâ€˜[01m[Kendl[m[Kâ€™ is not a member of â€˜[01m[Kstd[m[Kâ€™
[3.532s]   104 |                  << result.error_message << std::[01;31m[Kendl[m[K;
[3.532s]       |                                                  [01;31m[K^~~~[m[K
[3.533s] [01m[K/home/jack/project_ws/src/sugar_water_experiment/src/sugar_water_experimenter_node.cpp:1:1:[m[K [01;36m[Knote: [m[Kâ€˜[01m[Kstd::endl[m[Kâ€™ is defined in header â€˜[01m[K<ostream>[m[Kâ€™; did you forget to â€˜[01m[K#include <ostream>[m[Kâ€™?
[3.533s]   +++ |+[32m[K#include <ostream>[m[K
[3.533s]     1 | /**
[3.533s] [01m[K/home/jack/project_ws/src/sugar_water_experiment/src/sugar_water_experimenter_node.cpp:107:21:[m[K [01;31m[Kerror: [m[Kinvalid use of â€˜[01m[Kthis[m[Kâ€™ in non-member function
[3.533s]   107 |         RCLCPP_INFO([01;31m[Kthis[m[K->get_logger(), "Experiment result logged to experiment_results.csv");
[3.533s]       |                     [01;31m[K^~~~[m[K
[3.533s] [01m[K/home/jack/project_ws/src/sugar_water_experiment/src/sugar_water_experimenter_node.cpp:107:9:[m[K [01;31m[Kerror: [m[Kâ€˜[01m[KRCLCPP_INFO[m[Kâ€™ was not declared in this scope
[3.533s]   107 |         [01;31m[KRCLCPP_INFO[m[K(this->get_logger(), "Experiment result logged to experiment_results.csv");
[3.533s]       |         [01;31m[K^~~~~~~~~~~[m[K
[3.533s] [01m[K/home/jack/project_ws/src/sugar_water_experiment/src/sugar_water_experimenter_node.cpp:[m[K At global scope:
[3.533s] [01m[K/home/jack/project_ws/src/sugar_water_experiment/src/sugar_water_experimenter_node.cpp:111:31:[m[K [01;31m[Kerror: [m[Kâ€˜[01m[Kstd_msgs[m[Kâ€™ does not name a type
[3.533s]   111 |     void weightCallback(const [01;31m[Kstd_msgs[m[K::msg::Float32::SharedPtr msg) {
[3.533s]       |                               [01;31m[K^~~~~~~~[m[K
[3.533s] [01m[K/home/jack/project_ws/src/sugar_water_experiment/src/sugar_water_experimenter_node.cpp:111:44:[m[K [01;31m[Kerror: [m[Kexpected unqualified-id before â€˜[01m[K::[m[Kâ€™ token
[3.533s]   111 |     void weightCallback(const std_msgs::msg[01;31m[K::[m[KFloat32::SharedPtr msg) {
[3.533s]       |                                            [01;31m[K^~[m[K
[3.533s] [01m[K/home/jack/project_ws/src/sugar_water_experiment/src/sugar_water_experimenter_node.cpp:111:44:[m[K [01;31m[Kerror: [m[Kexpected â€˜[01m[K)[m[Kâ€™ before â€˜[01m[K::[m[Kâ€™ token
[3.534s]   111 |     void weightCallback[34m[K([m[Kconst std_msgs::msg[01;31m[K:[m[K[32m[K:[m[KFloat32::SharedPtr msg) {
[3.534s]       |                        [34m[K~[m[K                   [01;31m[K^[m[K[32m[K~[m[K
[3.534s]       |                                            [32m[K)[m[K
[3.534s] [01m[K/home/jack/project_ws/src/sugar_water_experiment/src/sugar_water_experimenter_node.cpp:111:44:[m[K [01;31m[Kerror: [m[Kexpected initializer before â€˜[01m[K::[m[Kâ€™ token
[3.534s]   111 |     void weightCallback(const std_msgs::msg[01;31m[K::[m[KFloat32::SharedPtr msg) {
[3.534s]       |                                            [01;31m[K^~[m[K
[3.534s] [01m[K/home/jack/project_ws/src/sugar_water_experiment/src/sugar_water_experimenter_node.cpp:116:36:[m[K [01;31m[Kerror: [m[Kâ€˜[01m[Kstd_msgs[m[Kâ€™ does not name a type
[3.534s]   116 |     void robotStatusCallback(const [01;31m[Kstd_msgs[m[K::msg::String::SharedPtr msg) {
[3.534s]       |                                    [01;31m[K^~~~~~~~[m[K
[3.534s] [01m[K/home/jack/project_ws/src/sugar_water_experiment/src/sugar_water_experimenter_node.cpp:116:49:[m[K [01;31m[Kerror: [m[Kexpected unqualified-id before â€˜[01m[K::[m[Kâ€™ token
[3.534s]   116 |     void robotStatusCallback(const std_msgs::msg[01;31m[K::[m[KString::SharedPtr msg) {
[3.534s]       |                                                 [01;31m[K^~[m[K
[3.535s] [01m[K/home/jack/project_ws/src/sugar_water_experiment/src/sugar_water_experimenter_node.cpp:116:49:[m[K [01;31m[Kerror: [m[Kexpected â€˜[01m[K)[m[Kâ€™ before â€˜[01m[K::[m[Kâ€™ token
[3.535s]   116 |     void robotStatusCallback[34m[K([m[Kconst std_msgs::msg[01;31m[K:[m[K[32m[K:[m[KString::SharedPtr msg) {
[3.535s]       |                             [34m[K~[m[K                   [01;31m[K^[m[K[32m[K~[m[K
[3.535s]       |                                                 [32m[K)[m[K
[3.535s] [01m[K/home/jack/project_ws/src/sugar_water_experiment/src/sugar_water_experimenter_node.cpp:116:49:[m[K [01;31m[Kerror: [m[Kexpected initializer before â€˜[01m[K::[m[Kâ€™ token
[3.535s]   116 |     void robotStatusCallback(const std_msgs::msg[01;31m[K::[m[KString::SharedPtr msg) {
[3.535s]       |                                                 [01;31m[K^~[m[K
[3.535s] [01m[K/home/jack/project_ws/src/sugar_water_experiment/src/sugar_water_experimenter_node.cpp:122:5:[m[K [01;31m[Kerror: [m[Kâ€˜[01m[Krclcpp[m[Kâ€™ does not name a type
[3.536s]   122 |     [01;31m[Krclcpp[m[K::Publisher<geometry_msgs::msg::PoseStamped>::SharedPtr pose_pub_;
[3.536s]       |     [01;31m[K^~~~~~[m[K
[3.536s] [01m[K/home/jack/project_ws/src/sugar_water_experiment/src/sugar_water_experimenter_node.cpp:123:5:[m[K [01;31m[Kerror: [m[Kâ€˜[01m[Krclcpp[m[Kâ€™ does not name a type
[3.536s]   123 |     [01;31m[Krclcpp[m[K::Publisher<sensor_msgs::msg::JointState>::SharedPtr joint_pub_;
[3.536s]       |     [01;31m[K^~~~~~[m[K
[3.536s] [01m[K/home/jack/project_ws/src/sugar_water_experiment/src/sugar_water_experimenter_node.cpp:124:5:[m[K [01;31m[Kerror: [m[Kâ€˜[01m[Krclcpp[m[Kâ€™ does not name a type
[3.536s]   124 |     [01;31m[Krclcpp[m[K::Publisher<std_msgs::msg::String>::SharedPtr status_pub_;
[3.536s]       |     [01;31m[K^~~~~~[m[K
[3.536s] [01m[K/home/jack/project_ws/src/sugar_water_experiment/src/sugar_water_experimenter_node.cpp:125:5:[m[K [01;31m[Kerror: [m[Kâ€˜[01m[Krclcpp[m[Kâ€™ does not name a type
[3.536s]   125 |     [01;31m[Krclcpp[m[K::Publisher<std_msgs::msg::Bool>::SharedPtr gripper_pub_;
[3.536s]       |     [01;31m[K^~~~~~[m[K
[3.536s] [01m[K/home/jack/project_ws/src/sugar_water_experiment/src/sugar_water_experimenter_node.cpp:126:5:[m[K [01;31m[Kerror: [m[Kâ€˜[01m[Krclcpp[m[Kâ€™ does not name a type
[3.536s]   126 |     [01;31m[Krclcpp[m[K::Publisher<std_msgs::msg::Float32>::SharedPtr concentration_pub_;
[3.536s]       |     [01;31m[K^~~~~~[m[K
[3.536s] [01m[K/home/jack/project_ws/src/sugar_water_experiment/src/sugar_water_experimenter_node.cpp:128:5:[m[K [01;31m[Kerror: [m[Kâ€˜[01m[Krclcpp[m[Kâ€™ does not name a type
[3.536s]   128 |     [01;31m[Krclcpp[m[K::Subscription<std_msgs::msg::Float32>::SharedPtr weight_sub_;
[3.537s]       |     [01;31m[K^~~~~~[m[K
[3.537s] [01m[K/home/jack/project_ws/src/sugar_water_experiment/src/sugar_water_experimenter_node.cpp:129:5:[m[K [01;31m[Kerror: [m[Kâ€˜[01m[Krclcpp[m[Kâ€™ does not name a type
[3.537s]   129 |     [01;31m[Krclcpp[m[K::Subscription<std_msgs::msg::String>::SharedPtr robot_status_sub_;
[3.537s]       |     [01;31m[K^~~~~~[m[K
[3.537s] [01m[K/home/jack/project_ws/src/sugar_water_experiment/src/sugar_water_experimenter_node.cpp:131:5:[m[K [01;31m[Kerror: [m[Kâ€˜[01m[Krclcpp[m[Kâ€™ does not name a type
[3.537s]   131 |     [01;31m[Krclcpp[m[K::TimerBase::SharedPtr control_timer_;
[3.537s]       |     [01;31m[K^~~~~~[m[K
[3.537s] [01m[K/home/jack/project_ws/src/sugar_water_experiment/src/sugar_water_experimenter_node.cpp:133:10:[m[K [01;31m[Kerror: [m[Kâ€˜[01m[Kvector[m[Kâ€™ in namespace â€˜[01m[Kstd[m[Kâ€™ does not name a template type
[3.537s]   133 |     std::[01;31m[Kvector[m[K<PoseData> experiment_poses_;
[3.537s]       |          [01;31m[K^~~~~~[m[K
[3.537s] [01m[K/home/jack/project_ws/src/sugar_water_experiment/src/sugar_water_experimenter_node.cpp:1:1:[m[K [01;36m[Knote: [m[Kâ€˜[01m[Kstd::vector[m[Kâ€™ is defined in header â€˜[01m[K<vector>[m[Kâ€™; did you forget to â€˜[01m[K#include <vector>[m[Kâ€™?
[3.537s]   +++ |+[32m[K#include <vector>[m[K
[3.537s]     1 | /**
[3.538s] [01m[K/home/jack/project_ws/src/sugar_water_experiment/src/sugar_water_experimenter_node.cpp:134:5:[m[K [01;31m[Kerror: [m[Kâ€˜[01m[Ksize_t[m[Kâ€™ does not name a type
[3.538s]   134 |     [01;31m[Ksize_t[m[K current_pose_index_;
[3.538s]       |     [01;31m[K^~~~~~[m[K
[3.539s] [01m[K/home/jack/project_ws/src/sugar_water_experiment/src/sugar_water_experimenter_node.cpp:1:1:[m[K [01;36m[Knote: [m[Kâ€˜[01m[Ksize_t[m[Kâ€™ is defined in header â€˜[01m[K<cstddef>[m[Kâ€™; did you forget to â€˜[01m[K#include <cstddef>[m[Kâ€™?
[3.539s]   +++ |+[32m[K#include <cstddef>[m[K
[3.540s]     1 | /**
[3.541s] [01m[K/home/jack/project_ws/src/sugar_water_experiment/src/sugar_water_experimenter_node.cpp:136:5:[m[K [01;31m[Kerror: [m[Kâ€˜[01m[KExperimentState[m[Kâ€™ does not name a type
[3.541s]   136 |     [01;31m[KExperimentState[m[K current_state_;
[3.541s]       |     [01;31m[K^~~~~~~~~~~~~~~[m[K
[3.541s] [01m[K/home/jack/project_ws/src/sugar_water_experiment/src/sugar_water_experimenter_node.cpp:139:10:[m[K [01;31m[Kerror: [m[Kâ€˜[01m[Kstring[m[Kâ€™ in namespace â€˜[01m[Kstd[m[Kâ€™ does not name a type
[3.541s]   139 |     std::[01;31m[Kstring[m[K robot_status_;
[3.541s]       |          [01;31m[K^~~~~~[m[K
[3.541s] [01m[K/home/jack/project_ws/src/sugar_water_experiment/src/sugar_water_experimenter_node.cpp:139:5:[m[K [01;36m[Knote: [m[Kâ€˜[01m[Kstd::string[m[Kâ€™ is defined in header â€˜[01m[K<string>[m[Kâ€™; did you forget to â€˜[01m[K#include <string>[m[Kâ€™?
[3.541s]   139 |     [01;36m[Kstd[m[K::string robot_status_;
[3.541s]       |     [01;36m[K^~~[m[K
[3.541s] [01m[K/home/jack/project_ws/src/sugar_water_experiment/src/sugar_water_experimenter_node.cpp:140:10:[m[K [01;31m[Kerror: [m[Kâ€˜[01m[Kchrono[m[Kâ€™ in namespace â€˜[01m[Kstd[m[Kâ€™ does not name a type
[3.541s]   140 |     std::[01;31m[Kchrono[m[K::steady_clock::time_point experiment_start_time_;
[3.541s]       |          [01;31m[K^~~~~~[m[K
[3.541s] [01m[K/home/jack/project_ws/src/sugar_water_experiment/src/sugar_water_experimenter_node.cpp:141:1:[m[K [01;31m[Kerror: [m[Kexpected declaration before â€˜[01m[K}[m[Kâ€™ token
[3.541s]   141 | [01;31m[K}[m[K;
[3.541s]       | [01;31m[K^[m[K
[3.541s] [01m[K/home/jack/project_ws/src/sugar_water_experiment/src/sugar_water_experimenter_node.cpp:[m[K In function â€˜[01m[Kint main(int, char**)[m[Kâ€™:
[3.541s] [01m[K/home/jack/project_ws/src/sugar_water_experiment/src/sugar_water_experimenter_node.cpp:144:5:[m[K [01;31m[Kerror: [m[Kâ€˜[01m[Krclcpp[m[Kâ€™ has not been declared
[3.542s]   144 |     [01;31m[Krclcpp[m[K::init(argc, argv);
[3.542s]       |     [01;31m[K^~~~~~[m[K
[3.542s] [01m[K/home/jack/project_ws/src/sugar_water_experiment/src/sugar_water_experimenter_node.cpp:146:17:[m[K [01;31m[Kerror: [m[Kâ€˜[01m[Krclcpp[m[Kâ€™ has not been declared
[3.542s]   146 |     RCLCPP_INFO([01;31m[Krclcpp[m[K::get_logger("main"), "ðŸ§ª Starting Sugar Water Experimenter Node");
[3.542s]       |                 [01;31m[K^~~~~~[m[K
[3.542s] [01m[K/home/jack/project_ws/src/sugar_water_experiment/src/sugar_water_experimenter_node.cpp:146:5:[m[K [01;31m[Kerror: [m[Kâ€˜[01m[KRCLCPP_INFO[m[Kâ€™ was not declared in this scope
[3.542s]   146 |     [01;31m[KRCLCPP_INFO[m[K(rclcpp::get_logger("main"), "ðŸ§ª Starting Sugar Water Experimenter Node");
[3.542s]       |     [01;31m[K^~~~~~~~~~~[m[K
[3.542s] [01m[K/home/jack/project_ws/src/sugar_water_experiment/src/sugar_water_experimenter_node.cpp:148:22:[m[K [01;31m[Kerror: [m[Kâ€˜[01m[Kmake_shared[m[Kâ€™ is not a member of â€˜[01m[Kstd[m[Kâ€™
[3.542s]   148 |     auto node = std::[01;31m[Kmake_shared[m[K<SugarWaterExperimenterNode>();
[3.542s]       |                      [01;31m[K^~~~~~~~~~~[m[K
[3.542s] [01m[K/home/jack/project_ws/src/sugar_water_experiment/src/sugar_water_experimenter_node.cpp:1:1:[m[K [01;36m[Knote: [m[Kâ€˜[01m[Kstd::make_shared[m[Kâ€™ is defined in header â€˜[01m[K<memory>[m[Kâ€™; did you forget to â€˜[01m[K#include <memory>[m[Kâ€™?
[3.542s]   +++ |+[32m[K#include <memory>[m[K
[3.542s]     1 | /**
[3.542s] [01m[K/home/jack/project_ws/src/sugar_water_experiment/src/sugar_water_experimenter_node.cpp:148:34:[m[K [01;31m[Kerror: [m[Kâ€˜[01m[KSugarWaterExperimenterNode[m[Kâ€™ was not declared in this scope
[3.542s]   148 |     auto node = std::make_shared<[01;31m[KSugarWaterExperimenterNode[m[K>();
[3.543s]       |                                  [01;31m[K^~~~~~~~~~~~~~~~~~~~~~~~~~[m[K
[3.543s] [01m[K/home/jack/project_ws/src/sugar_water_experiment/src/sugar_water_experimenter_node.cpp:148:62:[m[K [01;31m[Kerror: [m[Kexpected primary-expression before â€˜[01m[K)[m[Kâ€™ token
[3.543s]   148 |     auto node = std::make_shared<SugarWaterExperimenterNode>([01;31m[K)[m[K;
[3.543s]       |                                                              [01;31m[K^[m[K
[3.543s] [01m[K/home/jack/project_ws/src/sugar_water_experiment/src/sugar_water_experimenter_node.cpp:151:9:[m[K [01;31m[Kerror: [m[Kâ€˜[01m[Krclcpp[m[Kâ€™ has not been declared
[3.543s]   151 |         [01;31m[Krclcpp[m[K::spin(node);
[3.543s]       |         [01;31m[K^~~~~~[m[K
[3.543s] [01m[K/home/jack/project_ws/src/sugar_water_experiment/src/sugar_water_experimenter_node.cpp:152:34:[m[K [01;31m[Kerror: [m[Kexpected unqualified-id before â€˜[01m[K&[m[Kâ€™ token
[3.543s]   152 |     } catch (const std::exception[01;31m[K&[m[K e) {
[3.543s]       |                                  [01;31m[K^[m[K
[3.543s] [01m[K/home/jack/project_ws/src/sugar_water_experiment/src/sugar_water_experimenter_node.cpp:152:34:[m[K [01;31m[Kerror: [m[Kexpected â€˜[01m[K)[m[Kâ€™ before â€˜[01m[K&[m[Kâ€™ token
[3.543s]   152 |     } catch [34m[K([m[Kconst std::exception[01;31m[K&[m[K e) {
[3.543s]       |             [34m[K~[m[K                    [01;31m[K^[m[K
[3.543s]       |                                  [32m[K)[m[K
[3.543s] [01m[K/home/jack/project_ws/src/sugar_water_experiment/src/sugar_water_experimenter_node.cpp:152:34:[m[K [01;31m[Kerror: [m[Kexpected â€˜[01m[K{[m[Kâ€™ before â€˜[01m[K&[m[Kâ€™ token
[3.543s] [01m[K/home/jack/project_ws/src/sugar_water_experiment/src/sugar_water_experimenter_node.cpp:152:36:[m[K [01;31m[Kerror: [m[Kâ€˜[01m[Ke[m[Kâ€™ was not declared in this scope
[3.543s]   152 |     } catch (const std::exception& [01;31m[Ke[m[K) {
[3.544s]       |                                    [01;31m[K^[m[K
[3.544s] [01m[K/home/jack/project_ws/src/sugar_water_experiment/src/sugar_water_experimenter_node.cpp:156:5:[m[K [01;31m[Kerror: [m[Kâ€˜[01m[Krclcpp[m[Kâ€™ has not been declared
[3.544s]   156 |     [01;31m[Krclcpp[m[K::shutdown();
[3.544s]       |     [01;31m[K^~~~~~[m[K
[3.544s] gmake[2]: *** [CMakeFiles/sugar_water_experimenter_node.dir/build.make:76: CMakeFiles/sugar_water_experimenter_node.dir/src/sugar_water_experimenter_node.cpp.o] Error 1
[3.544s] gmake[2]: *** Waiting for unfinished jobs....
[6.299s] [01m[K/home/jack/project_ws/src/sugar_water_experiment/src/simple_sequence_controller.cpp:[m[K In member function â€˜[01m[Kvoid SimpleSequenceController::moveToJointPosition()[m[Kâ€™:
[6.299s] [01m[K/home/jack/project_ws/src/sugar_water_experiment/src/simple_sequence_controller.cpp:93:19:[m[K [01;31m[Kerror: [m[Kâ€˜[01m[Kusing JointState = struct sensor_msgs::msg::JointState_<std::allocator<void> >[m[Kâ€™ {aka â€˜[01m[Kstruct sensor_msgs::msg::JointState_<std::allocator<void> >[m[Kâ€™} has no member named â€˜[01m[Kn[m[Kâ€™
[6.300s]    93 |         joint_msg.[01;31m[Kn[m[K = {"joint1", "joint2", "joint3", "joint4", "joint5", "joint6"};
[6.300s]       |                   [01;31m[K^[m[K
[7.265s] gmake[2]: *** [CMakeFiles/simple_sequence_controller.dir/build.make:76: CMakeFiles/simple_sequence_controller.dir/src/simple_sequence_controller.cpp.o] Error 1
[7.265s] gmake[1]: *** [CMakeFiles/Makefile2:165: CMakeFiles/simple_sequence_controller.dir/all] Error 2
[7.265s] gmake[1]: *** Waiting for unfinished jobs....
[8.683s] gmake[1]: *** [CMakeFiles/Makefile2:139: CMakeFiles/sugar_water_experimenter_node.dir/all] Error 2
[8.683s] gmake: *** [Makefile:146: all] Error 2
[8.686s] Invoked command in '/home/jack/project_ws/build/sugar_water_experiment' returned '2': /usr/bin/cmake --build /home/jack/project_ws/build/sugar_water_experiment -- -j6 -l6
